"../../../Engine/Content/EditorResources/S_Actor.ubulk" 0
"../../../Engine/Content/EditorResources/S_Actor.uasset" 1
"../../../Engine/Content/EditorResources/S_Actor.uexp" 2
"../../../Engine/Content/EditorResources/S_BoxReflectionCapture.uasset" 3
"../../../Engine/Content/EditorResources/S_BoxReflectionCapture.uexp" 4
"../../../Engine/Content/EngineResources/DefaultTexture.ubulk" 5
"../../../Engine/Content/EngineResources/DefaultTexture.uasset" 6
"../../../Engine/Content/EngineResources/DefaultTexture.uexp" 7
"../../../Engine/Content/EngineResources/DefaultTextureCube.uasset" 8
"../../../Engine/Content/EngineResources/DefaultTextureCube.uexp" 9
"../../../Engine/Content/EngineResources/DefaultVolumeTexture2D.uasset" 10
"../../../Engine/Content/EngineResources/DefaultVolumeTexture2D.uexp" 11
"../../../Engine/Content/EngineResources/DefaultVolumeTexture.uasset" 12
"../../../Engine/Content/EngineResources/DefaultVolumeTexture.uexp" 13
"../../../Engine/Content/EditorResources/S_Trigger.ubulk" 14
"../../../Engine/Content/EditorResources/S_Trigger.uasset" 15
"../../../Engine/Content/EditorResources/S_Trigger.uexp" 16
"../../../Engine/Content/EditorResources/S_TriggerBox.uasset" 17
"../../../Engine/Content/EditorResources/S_TriggerBox.uexp" 18
"../../../Engine/Content/EditorResources/S_TriggerCapsule.uasset" 19
"../../../Engine/Content/EditorResources/S_TriggerCapsule.uexp" 20
"../../../Engine/Content/EditorResources/S_TriggerSphere.uasset" 21
"../../../Engine/Content/EditorResources/S_TriggerSphere.uexp" 22
"../../../Engine/Content/EngineMeshes/Sphere.uasset" 23
"../../../Engine/Content/EngineMeshes/Sphere.uexp" 24
"../../../Engine/Content/EngineResources/GradientTexture0.uasset" 25
"../../../Engine/Content/EngineResources/GradientTexture0.uexp" 26
"../../../Engine/Content/EngineResources/Black.uasset" 27
"../../../Engine/Content/EngineResources/Black.uexp" 28
"../../../Engine/Content/VREditor/LaserPointer/VR_LaserPower_01.ubulk" 29
"../../../Engine/Content/VREditor/LaserPointer/VR_LaserPower_01.uasset" 30
"../../../Engine/Content/VREditor/LaserPointer/VR_LaserPower_01.uexp" 31
"../../../Engine/Content/VREditor/TransformGizmo/TransformGizmoMaterial.uasset" 32
"../../../Engine/Content/VREditor/TransformGizmo/TransformGizmoMaterial.uexp" 33
"../../../Engine/Content/VREditor/TransformGizmo/TranslucentTransformGizmoMaterial.uasset" 34
"../../../Engine/Content/VREditor/TransformGizmo/TranslucentTransformGizmoMaterial.uexp" 35
"../../../Engine/Content/VREditor/TransformGizmo/PlaneTranslationHandle.uasset" 36
"../../../Engine/Content/VREditor/TransformGizmo/PlaneTranslationHandle.uexp" 37
"../../../Engine/Content/VREditor/TransformGizmo/BoundingBoxCorner.uasset" 38
"../../../Engine/Content/VREditor/TransformGizmo/BoundingBoxCorner.uexp" 39
"../../../Engine/Content/VREditor/TransformGizmo/BoundingBoxEdge.uasset" 40
"../../../Engine/Content/VREditor/TransformGizmo/BoundingBoxEdge.uexp" 41
"../../../Engine/Content/VREditor/TransformGizmo/Main.uasset" 42
"../../../Engine/Content/VREditor/TransformGizmo/Main.uexp" 43
"../../../Engine/Content/VREditor/TransformGizmo/Xray.uasset" 44
"../../../Engine/Content/VREditor/TransformGizmo/Xray.uexp" 45
"../../../Engine/Content/VREditor/TransformGizmo/SM_Sequencer_Node.uasset" 46
"../../../Engine/Content/VREditor/TransformGizmo/SM_Sequencer_Node.uexp" 47
"../../../Engine/Content/EditorMaterials/Camera/CineMat.uasset" 48
"../../../Engine/Content/EditorMaterials/Camera/CineMat.uexp" 49
"../../../Engine/Content/EditorMaterials/Camera/MI_CineMat_Rig.uasset" 50
"../../../Engine/Content/EditorMaterials/Camera/MI_CineMat_Rig.uexp" 51
"../../../Engine/Content/EditorMeshes/Camera/SM_CraneRig_Base.uasset" 52
"../../../Engine/Content/EditorMeshes/Camera/SM_CraneRig_Base.uexp" 53
"../../../Engine/Content/EditorMeshes/Camera/SM_CraneRig_Arm.uasset" 54
"../../../Engine/Content/EditorMeshes/Camera/SM_CraneRig_Arm.uexp" 55
"../../../Engine/Content/EditorMeshes/Camera/SM_CraneRig_Mount.uasset" 56
"../../../Engine/Content/EditorMeshes/Camera/SM_CraneRig_Mount.uexp" 57
"../../../Engine/Content/EditorMeshes/Camera/SM_CraneRig_Body.uasset" 58
"../../../Engine/Content/EditorMeshes/Camera/SM_CraneRig_Body.uexp" 59
"../../../Engine/Content/EditorMeshes/Camera/SM_RailRig_Track.uasset" 60
"../../../Engine/Content/EditorMeshes/Camera/SM_RailRig_Track.uexp" 61
"../../../Engine/Content/EditorMeshes/Camera/SM_RailRig_Mount.uasset" 62
"../../../Engine/Content/EditorMeshes/Camera/SM_RailRig_Mount.uexp" 63
"../../../Engine/Content/EngineMaterials/T_Default_Material_Grid_M.ubulk" 64
"../../../Engine/Content/EngineMaterials/T_Default_Material_Grid_M.uasset" 65
"../../../Engine/Content/EngineMaterials/T_Default_Material_Grid_M.uexp" 66
"../../../Engine/Content/EngineMaterials/T_Default_Material_Grid_N.ubulk" 67
"../../../Engine/Content/EngineMaterials/T_Default_Material_Grid_N.uasset" 68
"../../../Engine/Content/EngineMaterials/T_Default_Material_Grid_N.uexp" 69
"../../../Engine/Content/Functions/Engine_MaterialFunctions01/Opacity/CameraDepthFade.uasset" 70
"../../../Engine/Content/Functions/Engine_MaterialFunctions01/Opacity/CameraDepthFade.uexp" 71
"../../../Engine/Content/EngineMaterials/WorldGridMaterial.uasset" 72
"../../../Engine/Content/EngineMaterials/WorldGridMaterial.uexp" 73
"../../../Engine/Content/ArtTools/RenderToTexture/Meshes/S_1_Unit_Plane.uasset" 74
"../../../Engine/Content/ArtTools/RenderToTexture/Meshes/S_1_Unit_Plane.uexp" 75
"../../../Engine/Content/EditorMaterials/ParticleSystems/PSysThumbnail_NoImage.ubulk" 76
"../../../Engine/Content/EditorMaterials/ParticleSystems/PSysThumbnail_NoImage.uasset" 77
"../../../Engine/Content/EditorMaterials/ParticleSystems/PSysThumbnail_NoImage.uexp" 78
"../../../Engine/Content/EditorMaterials/ParticleSystems/PSysThumbnail_OOD.ubulk" 79
"../../../Engine/Content/EditorMaterials/ParticleSystems/PSysThumbnail_OOD.uasset" 80
"../../../Engine/Content/EditorMaterials/ParticleSystems/PSysThumbnail_OOD.uexp" 81
"../../../Engine/Content/EditorLandscapeResources/SplineEditorMeshMat.uasset" 82
"../../../Engine/Content/EditorLandscapeResources/SplineEditorMeshMat.uexp" 83
"../../../Engine/Content/EditorLandscapeResources/SplineEditorMesh.uasset" 84
"../../../Engine/Content/EditorLandscapeResources/SplineEditorMesh.uexp" 85
"../../../Engine/Content/EditorResources/S_Solver.ubulk" 86
"../../../Engine/Content/EditorResources/S_Solver.uasset" 87
"../../../Engine/Content/EditorResources/S_Solver.uexp" 88
"../../../Engine/Plugins/Media/MediaPlate/Content/SM_MediaPlateScreen.uasset" 89
"../../../Engine/Plugins/Media/MediaPlate/Content/SM_MediaPlateScreen.uexp" 90
"../../../Engine/Content/EngineMaterials/Good64x64TilingNoiseHighFreq.uasset" 91
"../../../Engine/Content/EngineMaterials/Good64x64TilingNoiseHighFreq.uexp" 92
"../../../Engine/Content/EngineMaterials/DefaultBokeh.uasset" 93
"../../../Engine/Content/EngineMaterials/DefaultBokeh.uexp" 94
"../../../Engine/Content/EngineMaterials/PreintegratedSkinBRDF.uasset" 95
"../../../Engine/Content/EngineMaterials/PreintegratedSkinBRDF.uexp" 96
"../../../Engine/Content/EngineMaterials/MiniFont.uasset" 97
"../../../Engine/Content/EngineMaterials/MiniFont.uexp" 98
"../../../Engine/Content/EngineMaterials/WeightMapPlaceholderTexture.uasset" 99
"../../../Engine/Content/EngineMaterials/WeightMapPlaceholderTexture.uexp" 100
"../../../Engine/Content/EngineMaterials/DefaultWhiteGrid.ubulk" 101
"../../../Engine/Content/EngineMaterials/DefaultWhiteGrid.uasset" 102
"../../../Engine/Content/EngineMaterials/DefaultWhiteGrid.uexp" 103
"../../../Engine/Content/Animation/DefaultRecorderBoneCompression.uasset" 104
"../../../Engine/Content/Animation/DefaultRecorderBoneCompression.uexp" 105
"../../../Engine/Content/Animation/DefaultAnimCurveCompressionSettings.uasset" 106
"../../../Engine/Content/Animation/DefaultAnimCurveCompressionSettings.uexp" 107
"../../../Engine/Content/Animation/DefaultAnimBoneCompressionSettings.uasset" 108
"../../../Engine/Content/Animation/DefaultAnimBoneCompressionSettings.uexp" 109
"../../../Engine/Content/EngineMaterials/DefaultMaterial.uasset" 110
"../../../Engine/Content/EngineMaterials/DefaultMaterial.uexp" 111
"../../../Engine/Content/BasicShapes/Sphere.uasset" 112
"../../../Engine/Content/BasicShapes/Sphere.uexp" 113
"../../../Engine/Content/BasicShapes/Plane.uasset" 114
"../../../Engine/Content/BasicShapes/Plane.uexp" 115
"../../../Engine/Content/BasicShapes/Cylinder.uasset" 116
"../../../Engine/Content/BasicShapes/Cylinder.uexp" 117
"../../../Engine/Content/BasicShapes/Cube.uasset" 118
"../../../Engine/Content/BasicShapes/Cube.uexp" 119
"../../../Engine/Content/BasicShapes/Cone.uasset" 120
"../../../Engine/Content/BasicShapes/Cone.uexp" 121
"../../../Engine/Content/EditorLandscapeResources/DefaultAlphaTexture.uasset" 122
"../../../Engine/Content/EditorLandscapeResources/DefaultAlphaTexture.uexp" 123
"../../../Engine/Content/EditorLandscapeResources/DataLayer.uasset" 124
"../../../Engine/Content/EditorLandscapeResources/DataLayer.uexp" 125
"../../../Engine/Content/EditorMaterials/PhAT_UnselectedMaterial.uasset" 126
"../../../Engine/Content/EditorMaterials/PhAT_UnselectedMaterial.uexp" 127
"../../../Engine/Content/EditorMaterials/PhAT_NoCollisionMaterial.uasset" 128
"../../../Engine/Content/EditorMaterials/PhAT_NoCollisionMaterial.uexp" 129
"../../../Engine/Content/Functions/Engine_MaterialFunctions02/Utility/MakeFloat4.uasset" 130
"../../../Engine/Content/Functions/Engine_MaterialFunctions02/Utility/MakeFloat4.uexp" 131
"../../../Engine/Content/Functions/Engine_MaterialFunctions02/Utility/MakeFloat3.uasset" 132
"../../../Engine/Content/Functions/Engine_MaterialFunctions02/Utility/MakeFloat3.uexp" 133
"../../../Engine/Content/Functions/Engine_MaterialFunctions02/Utility/BreakOutFloat3Components.uasset" 134
"../../../Engine/Content/Functions/Engine_MaterialFunctions02/Utility/BreakOutFloat3Components.uexp" 135
"../../../Engine/Content/EditorMaterials/WorldPartition/WorldPartitionSpatialHashGridPreviewMaterial.uasset" 136
"../../../Engine/Content/EditorMaterials/WorldPartition/WorldPartitionSpatialHashGridPreviewMaterial.uexp" 137
"../../../Engine/Content/EditorResources/S_Terrain.ubulk" 138
"../../../Engine/Content/EditorResources/S_Terrain.uasset" 139
"../../../Engine/Content/EditorResources/S_Terrain.uexp" 140
"../../../Engine/Content/EditorResources/EmptyActor.uasset" 141
"../../../Engine/Content/EditorResources/EmptyActor.uexp" 142
"../../../Engine/Content/EditorResources/BSPVertex.uasset" 143
"../../../Engine/Content/EditorResources/BSPVertex.uexp" 144
"../../../Engine/Content/EditorResources/SequenceRecorder/RecordingIndicator.uasset" 145
"../../../Engine/Content/EditorResources/SequenceRecorder/RecordingIndicator.uexp" 146
"../../../Engine/Content/EditorResources/SequenceRecorder/Countdown.uasset" 147
"../../../Engine/Content/EditorResources/SequenceRecorder/Countdown.uexp" 148
"../../../Engine/Content/EngineDamageTypes/DmgTypeBP_Environmental.uasset" 149
"../../../Engine/Content/EngineDamageTypes/DmgTypeBP_Environmental.uexp" 150
"../../../Engine/Content/Functions/Engine_MaterialFunctions02/Utility/CameraDirectionVector.uasset" 151
"../../../Engine/Content/Functions/Engine_MaterialFunctions02/Utility/CameraDirectionVector.uexp" 152
"../../../Engine/Content/EngineDebugMaterials/VolumeToRender.uasset" 153
"../../../Engine/Content/EngineDebugMaterials/VolumeToRender.uexp" 154
"../../../Engine/Content/EngineDebugMaterials/M_VolumeRenderSphereTracePP.uasset" 155
"../../../Engine/Content/EngineDebugMaterials/M_VolumeRenderSphereTracePP.uexp" 156
"../../../Engine/Content/EngineDebugMaterials/M_SimpleUnlitTranslucent.uasset" 157
"../../../Engine/Content/EngineDebugMaterials/M_SimpleUnlitTranslucent.uexp" 158
"../../../Engine/Content/EngineDebugMaterials/DebugMeshMaterial.uasset" 159
"../../../Engine/Content/EngineDebugMaterials/DebugMeshMaterial.uexp" 160
"../../../Engine/Content/EngineDebugMaterials/DebugEditorMaterial.uasset" 161
"../../../Engine/Content/EngineDebugMaterials/DebugEditorMaterial.uexp" 162
"../../../Engine/Content/EngineFonts/Faces/RobotoLight.uexp" 163
"../../../Engine/Content/EngineFonts/Faces/RobotoLight.uasset" 164
"../../../Engine/Content/EngineFonts/Faces/RobotoLight.ufont" 165
"../../../Engine/Content/EngineFonts/Faces/RobotoBold.uexp" 166
"../../../Engine/Content/EngineFonts/Faces/RobotoBold.uasset" 167
"../../../Engine/Content/EngineFonts/Faces/RobotoBold.ufont" 168
"../../../Engine/Content/EngineFonts/Faces/RobotoRegular.uexp" 169
"../../../Engine/Content/EngineFonts/Faces/RobotoRegular.uasset" 170
"../../../Engine/Content/EngineFonts/Faces/RobotoRegular.ufont" 171
"../../../Engine/Content/EngineFonts/Faces/DroidSansFallback.uexp" 172
"../../../Engine/Content/EngineFonts/Faces/DroidSansFallback.uasset" 173
"../../../Engine/Content/EngineFonts/Faces/DroidSansFallback.ufont" 174
"../../../Engine/Content/EngineFonts/Faces/RobotoItalic.uexp" 175
"../../../Engine/Content/EngineFonts/Faces/RobotoItalic.uasset" 176
"../../../Engine/Content/EngineFonts/Faces/RobotoItalic.ufont" 177
"../../../Engine/Content/EngineFonts/Faces/RobotoBoldItalic.uexp" 178
"../../../Engine/Content/EngineFonts/Faces/RobotoBoldItalic.uasset" 179
"../../../Engine/Content/EngineFonts/Faces/RobotoBoldItalic.ufont" 180
"../../../Engine/Content/EngineFonts/Roboto.uasset" 181
"../../../Engine/Content/EngineFonts/Roboto.uexp" 182
"../../../Engine/Content/EngineResources/WhiteSquareTexture.uasset" 183
"../../../Engine/Content/EngineResources/WhiteSquareTexture.uexp" 184
"../../../Engine/Content/EngineMaterials/Widget3DPassThrough.uasset" 185
"../../../Engine/Content/EngineMaterials/Widget3DPassThrough.uexp" 186
"../../../Engine/Content/EngineMaterials/Widget3DPassThrough_Translucent.uasset" 187
"../../../Engine/Content/EngineMaterials/Widget3DPassThrough_Translucent.uexp" 188
"../../../Engine/Content/EngineMaterials/Widget3DPassThrough_Translucent_OneSided.uasset" 189
"../../../Engine/Content/EngineMaterials/Widget3DPassThrough_Translucent_OneSided.uexp" 190
"../../../Engine/Content/EngineMaterials/Widget3DPassThrough_Opaque.uasset" 191
"../../../Engine/Content/EngineMaterials/Widget3DPassThrough_Opaque.uexp" 192
"../../../Engine/Content/EngineMaterials/Widget3DPassThrough_Opaque_OneSided.uasset" 193
"../../../Engine/Content/EngineMaterials/Widget3DPassThrough_Opaque_OneSided.uexp" 194
"../../../Engine/Content/EngineMaterials/Widget3DPassThrough_Masked_OneSided.uasset" 195
"../../../Engine/Content/EngineMaterials/Widget3DPassThrough_Masked_OneSided.uexp" 196
"../../../Engine/Content/EngineMaterials/Widget3DPassThrough_Masked.uasset" 197
"../../../Engine/Content/EngineMaterials/Widget3DPassThrough_Masked.uexp" 198
"../../../Engine/Content/EngineMaterials/STBlueNoise_vec2_128x128x64.uasset" 199
"../../../Engine/Content/EngineMaterials/STBlueNoise_vec2_128x128x64.uexp" 200
"../../../Engine/Content/EngineMaterials/STBlueNoise_scalar_128x128x64.uasset" 201
"../../../Engine/Content/EngineMaterials/STBlueNoise_scalar_128x128x64.uexp" 202
"../../../Engine/Content/EngineMaterials/RemoveSurfaceMaterial.uasset" 203
"../../../Engine/Content/EngineMaterials/RemoveSurfaceMaterial.uexp" 204
"../../../Engine/Content/EngineMaterials/DefaultCalibrationGrayscale.uasset" 205
"../../../Engine/Content/EngineMaterials/DefaultCalibrationGrayscale.uexp" 206
"../../../Engine/Content/EngineMaterials/PPM_DefaultCalibrationGrayscale.uasset" 207
"../../../Engine/Content/EngineMaterials/PPM_DefaultCalibrationGrayscale.uexp" 208
"../../../Engine/Content/EngineMaterials/DefaultCalibrationColor.uasset" 209
"../../../Engine/Content/EngineMaterials/DefaultCalibrationColor.uexp" 210
"../../../Engine/Content/EngineMaterials/PPM_DefaultCalibrationColor.uasset" 211
"../../../Engine/Content/EngineMaterials/PPM_DefaultCalibrationColor.uexp" 212
"../../../Engine/Content/Functions/Engine_MaterialFunctions02/WorldPositionOffset/CameraOffset.uasset" 213
"../../../Engine/Content/Functions/Engine_MaterialFunctions02/WorldPositionOffset/CameraOffset.uexp" 214
"../../../Engine/Content/EngineMaterials/PhAT_JointLimitMaterial.uasset" 215
"../../../Engine/Content/EngineMaterials/PhAT_JointLimitMaterial.uexp" 216
"../../../Engine/Content/EngineMaterials/InvalidLightmapSettings.ubulk" 217
"../../../Engine/Content/EngineMaterials/InvalidLightmapSettings.uasset" 218
"../../../Engine/Content/EngineMaterials/InvalidLightmapSettings.uexp" 219
"../../../Engine/Content/EngineMaterials/M_InvalidLightmapSettings.uasset" 220
"../../../Engine/Content/EngineMaterials/M_InvalidLightmapSettings.uexp" 221
"../../../Engine/Content/EngineMaterials/GizmoMaterial.uasset" 222
"../../../Engine/Content/EngineMaterials/GizmoMaterial.uexp" 223
"../../../Engine/Content/EngineMaterials/BaseFlattenEmissiveMap_VT.uasset" 224
"../../../Engine/Content/EngineMaterials/BaseFlattenEmissiveMap_VT.uexp" 225
"../../../Engine/Content/EngineMaterials/BaseFlattenGrayscaleMap_VT.uasset" 226
"../../../Engine/Content/EngineMaterials/BaseFlattenGrayscaleMap_VT.uexp" 227
"../../../Engine/Content/EngineMaterials/BaseFlattenLinearColor_VT.uasset" 228
"../../../Engine/Content/EngineMaterials/BaseFlattenLinearColor_VT.uexp" 229
"../../../Engine/Content/EngineMaterials/Black_1x1_EXR_Texture_VT.uasset" 230
"../../../Engine/Content/EngineMaterials/Black_1x1_EXR_Texture_VT.uexp" 231
"../../../Engine/Content/EngineMaterials/BaseFlattenDiffuseMap_VT.uasset" 232
"../../../Engine/Content/EngineMaterials/BaseFlattenDiffuseMap_VT.uexp" 233
"../../../Engine/Content/EngineMaterials/BaseFlattenNormalMap_VT.uasset" 234
"../../../Engine/Content/EngineMaterials/BaseFlattenNormalMap_VT.uexp" 235
"../../../Engine/Content/EngineMaterials/FlattenMaterial_WS_Normal_VT.uasset" 236
"../../../Engine/Content/EngineMaterials/FlattenMaterial_WS_Normal_VT.uexp" 237
"../../../Engine/Content/EngineMaterials/FlattenMaterial_VT.uasset" 238
"../../../Engine/Content/EngineMaterials/FlattenMaterial_VT.uexp" 239
"../../../Engine/Content/EngineMaterials/BaseFlattenNormalMap.uasset" 240
"../../../Engine/Content/EngineMaterials/BaseFlattenNormalMap.uexp" 241
"../../../Engine/Content/EngineMaterials/BaseFlattenGrayscaleMap.uasset" 242
"../../../Engine/Content/EngineMaterials/BaseFlattenGrayscaleMap.uexp" 243
"../../../Engine/Content/EngineMaterials/BaseFlattenDiffuseMap.uasset" 244
"../../../Engine/Content/EngineMaterials/BaseFlattenDiffuseMap.uexp" 245
"../../../Engine/Content/Functions/Engine_MaterialFunctions02/PivotPainter2/Black_1x1_EXR_Texture.uasset" 246
"../../../Engine/Content/Functions/Engine_MaterialFunctions02/PivotPainter2/Black_1x1_EXR_Texture.uexp" 247
"../../../Engine/Content/EngineMaterials/BaseFlattenEmissiveMap.uasset" 248
"../../../Engine/Content/EngineMaterials/BaseFlattenEmissiveMap.uexp" 249
"../../../Engine/Content/EngineMaterials/BaseFlattenLinearColor.uasset" 250
"../../../Engine/Content/EngineMaterials/BaseFlattenLinearColor.uexp" 251
"../../../Engine/Content/EngineMaterials/FlattenMaterial.uasset" 252
"../../../Engine/Content/EngineMaterials/FlattenMaterial.uexp" 253
"../../../Engine/Content/EngineMaterials/DefaultWhiteGrid_Low.uasset" 254
"../../../Engine/Content/EngineMaterials/DefaultWhiteGrid_Low.uexp" 255
"../../../Engine/Content/EngineMaterials/EmissiveMeshMaterial.uasset" 256
"../../../Engine/Content/EngineMaterials/EmissiveMeshMaterial.uexp" 257
"../../../Engine/Content/EngineFonts/RobotoDistanceField.uasset" 258
"../../../Engine/Content/EngineFonts/RobotoDistanceField.uexp" 259
"../../../Engine/Content/EngineMaterials/DefaultTextMaterialOpaque.uasset" 260
"../../../Engine/Content/EngineMaterials/DefaultTextMaterialOpaque.uexp" 261
"../../../Engine/Content/EngineMaterials/DefaultDiffuse.ubulk" 262
"../../../Engine/Content/EngineMaterials/DefaultDiffuse.uasset" 263
"../../../Engine/Content/EngineMaterials/DefaultDiffuse.uexp" 264
"../../../Engine/Content/Functions/Engine_MaterialFunctions02/Utility/BreakOutFloat2Components.uasset" 265
"../../../Engine/Content/Functions/Engine_MaterialFunctions02/Utility/BreakOutFloat2Components.uexp" 266
"../../../Engine/Content/EngineMaterials/DefaultPostProcessMaterial.uasset" 267
"../../../Engine/Content/EngineMaterials/DefaultPostProcessMaterial.uexp" 268
"../../../Engine/Content/EngineMaterials/DefaultPhysicalMaterial.uasset" 269
"../../../Engine/Content/EngineMaterials/DefaultPhysicalMaterial.uexp" 270
"../../../Engine/Content/EngineMaterials/DefaultLightFunctionMaterial.uasset" 271
"../../../Engine/Content/EngineMaterials/DefaultLightFunctionMaterial.uexp" 272
"../../../Engine/Content/EngineMaterials/DefaultDestructiblePhysicalMaterial.uasset" 273
"../../../Engine/Content/EngineMaterials/DefaultDestructiblePhysicalMaterial.uexp" 274
"../../../Engine/Content/EngineMaterials/DefaultDeferredDecalMaterial.uasset" 275
"../../../Engine/Content/EngineMaterials/DefaultDeferredDecalMaterial.uexp" 276
"../../../Engine/Content/EngineMaterials/DefaultBloomKernel.uasset" 277
"../../../Engine/Content/EngineMaterials/DefaultBloomKernel.uexp" 278
"../../../Engine/Content/EngineResources/FilmGrains/Marcie_Grain_v3_128_M2_000.uasset" 279
"../../../Engine/Content/EngineResources/FilmGrains/Marcie_Grain_v3_128_M2_000.uexp" 280
"../../../Engine/Content/EngineSky/VolumetricClouds/CloudWeatherTexture.uasset" 281
"../../../Engine/Content/EngineSky/VolumetricClouds/CloudWeatherTexture.uexp" 282
"../../../Engine/Content/Functions/Engine_MaterialFunctions02/Utility/MakeFloat2.uasset" 283
"../../../Engine/Content/Functions/Engine_MaterialFunctions02/Utility/MakeFloat2.uexp" 284
"../../../Engine/Content/EngineSky/VolumetricClouds/CloudGradientTexture.uasset" 285
"../../../Engine/Content/EngineSky/VolumetricClouds/CloudGradientTexture.uexp" 286
"../../../Engine/Content/EngineSky/VolumetricClouds/T_NoiseShape64.ubulk" 287
"../../../Engine/Content/EngineSky/VolumetricClouds/T_NoiseShape64.uasset" 288
"../../../Engine/Content/EngineSky/VolumetricClouds/T_NoiseShape64.uexp" 289
"../../../Engine/Content/EngineSky/VolumetricClouds/T_VolumeNoiseShape64.uasset" 290
"../../../Engine/Content/EngineSky/VolumetricClouds/T_VolumeNoiseShape64.uexp" 291
"../../../Engine/Content/EngineSky/VolumetricClouds/T_NoiseErosion.ubulk" 292
"../../../Engine/Content/EngineSky/VolumetricClouds/T_NoiseErosion.uasset" 293
"../../../Engine/Content/EngineSky/VolumetricClouds/T_NoiseErosion.uexp" 294
"../../../Engine/Content/EngineSky/VolumetricClouds/T_VolumeNoiseErosion32.uasset" 295
"../../../Engine/Content/EngineSky/VolumetricClouds/T_VolumeNoiseErosion32.uexp" 296
"../../../Engine/Content/EngineSky/VolumetricClouds/m_SimpleVolumetricCloud.uasset" 297
"../../../Engine/Content/EngineSky/VolumetricClouds/m_SimpleVolumetricCloud.uexp" 298
"../../../Engine/Content/EngineSky/VolumetricClouds/m_SimpleVolumetricCloud_Inst.uasset" 299
"../../../Engine/Content/EngineSky/VolumetricClouds/m_SimpleVolumetricCloud_Inst.uexp" 300
"../../../Engine/Content/EngineSounds/Master.uasset" 301
"../../../Engine/Content/EngineSounds/Master.uexp" 302
"../../../Engine/Content/Functions/Engine_MaterialFunctions01/Shading/PowerToRoughness.uasset" 303
"../../../Engine/Content/Functions/Engine_MaterialFunctions01/Shading/PowerToRoughness.uexp" 304
"../../../Engine/Content/MobileResources/HUD/VirtualJoystick_Background.uasset" 305
"../../../Engine/Content/MobileResources/HUD/VirtualJoystick_Background.uexp" 306
"../../../Engine/Content/MobileResources/HUD/VirtualJoystick_Thumb.uasset" 307
"../../../Engine/Content/MobileResources/HUD/VirtualJoystick_Thumb.uexp" 308
"../../../Engine/Content/MobileResources/HUD/DefaultVirtualJoysticks.uasset" 309
"../../../Engine/Content/MobileResources/HUD/DefaultVirtualJoysticks.uexp" 310
"../../../Engine/Plugins/2D/Paper2D/Content/PlaceholderTextures/DummySpriteTexture.ubulk" 311
"../../../Engine/Plugins/2D/Paper2D/Content/PlaceholderTextures/DummySpriteTexture.uasset" 312
"../../../Engine/Plugins/2D/Paper2D/Content/PlaceholderTextures/DummySpriteTexture.uexp" 313
"../../../Engine/Plugins/2D/Paper2D/Content/DefaultSpriteMaterial.uasset" 314
"../../../Engine/Plugins/2D/Paper2D/Content/DefaultSpriteMaterial.uexp" 315
"../../../Engine/Plugins/2D/Paper2D/Content/OpaqueUnlitSpriteMaterial.uasset" 316
"../../../Engine/Plugins/2D/Paper2D/Content/OpaqueUnlitSpriteMaterial.uexp" 317
"../../../Engine/Plugins/2D/Paper2D/Content/MaskedUnlitSpriteMaterial.uasset" 318
"../../../Engine/Plugins/2D/Paper2D/Content/MaskedUnlitSpriteMaterial.uexp" 319
"../../../Engine/Plugins/2D/Paper2D/Content/DummySprite.uasset" 320
"../../../Engine/Plugins/2D/Paper2D/Content/DummySprite.uexp" 321
"../../../Engine/Plugins/2D/Paper2D/Content/DefaultPaperTerrainMaterial.uasset" 322
"../../../Engine/Plugins/2D/Paper2D/Content/DefaultPaperTerrainMaterial.uexp" 323
"../../../Engine/Plugins/Animation/ControlRig/Content/M_Manip.uasset" 324
"../../../Engine/Plugins/Animation/ControlRig/Content/M_Manip.uexp" 325
"../../../Engine/Plugins/Animation/ControlRig/Content/Controls/DefaultGizmoLibraryNormalized.uasset" 326
"../../../Engine/Plugins/Animation/ControlRig/Content/Controls/DefaultGizmoLibraryNormalized.uexp" 327
"../../../Engine/Plugins/Animation/ControlRig/Content/Controls/ControlRig_Wedge_solid.uasset" 328
"../../../Engine/Plugins/Animation/ControlRig/Content/Controls/ControlRig_Wedge_solid.uexp" 329
"../../../Engine/Plugins/Animation/ControlRig/Content/Controls/ControlRig_Wedge_3mm.uasset" 330
"../../../Engine/Plugins/Animation/ControlRig/Content/Controls/ControlRig_Wedge_3mm.uexp" 331
"../../../Engine/Plugins/Animation/ControlRig/Content/Controls/ControlRig_Wedge_1mm.uasset" 332
"../../../Engine/Plugins/Animation/ControlRig/Content/Controls/ControlRig_Wedge_1mm.uexp" 333
"../../../Engine/Plugins/Animation/ControlRig/Content/Controls/ControlRig_Triangle_solid.uasset" 334
"../../../Engine/Plugins/Animation/ControlRig/Content/Controls/ControlRig_Triangle_solid.uexp" 335
"../../../Engine/Plugins/Animation/ControlRig/Content/Controls/ControlRig_Triangle_3mm.uasset" 336
"../../../Engine/Plugins/Animation/ControlRig/Content/Controls/ControlRig_Triangle_3mm.uexp" 337
"../../../Engine/Plugins/Animation/ControlRig/Content/Controls/ControlRig_Triangle_1mm.uasset" 338
"../../../Engine/Plugins/Animation/ControlRig/Content/Controls/ControlRig_Triangle_1mm.uexp" 339
"../../../Engine/Plugins/Animation/ControlRig/Content/Controls/ControlRig_Star4_solid.uasset" 340
"../../../Engine/Plugins/Animation/ControlRig/Content/Controls/ControlRig_Star4_solid.uexp" 341
"../../../Engine/Plugins/Animation/ControlRig/Content/Controls/ControlRig_Star4_3mm.uasset" 342
"../../../Engine/Plugins/Animation/ControlRig/Content/Controls/ControlRig_Star4_3mm.uexp" 343
"../../../Engine/Plugins/Animation/ControlRig/Content/Controls/ControlRig_Star4_1mm.uasset" 344
"../../../Engine/Plugins/Animation/ControlRig/Content/Controls/ControlRig_Star4_1mm.uexp" 345
"../../../Engine/Plugins/Animation/ControlRig/Content/Controls/ControlRig_Square_solid.uasset" 346
"../../../Engine/Plugins/Animation/ControlRig/Content/Controls/ControlRig_Square_solid.uexp" 347
"../../../Engine/Plugins/Animation/ControlRig/Content/Controls/ControlRig_Square_3mm.uasset" 348
"../../../Engine/Plugins/Animation/ControlRig/Content/Controls/ControlRig_Square_3mm.uexp" 349
"../../../Engine/Plugins/Animation/ControlRig/Content/Controls/ControlRig_Square_1mm.uasset" 350
"../../../Engine/Plugins/Animation/ControlRig/Content/Controls/ControlRig_Square_1mm.uexp" 351
"../../../Engine/Plugins/Animation/ControlRig/Content/Controls/ControlRig_Sphere_solid.uasset" 352
"../../../Engine/Plugins/Animation/ControlRig/Content/Controls/ControlRig_Sphere_solid.uexp" 353
"../../../Engine/Plugins/Animation/ControlRig/Content/Controls/ControlRig_Sphere_3mm.uasset" 354
"../../../Engine/Plugins/Animation/ControlRig/Content/Controls/ControlRig_Sphere_3mm.uexp" 355
"../../../Engine/Plugins/Animation/ControlRig/Content/Controls/ControlRig_Sphere_1mm.uasset" 356
"../../../Engine/Plugins/Animation/ControlRig/Content/Controls/ControlRig_Sphere_1mm.uexp" 357
"../../../Engine/Plugins/Animation/ControlRig/Content/Controls/ControlRig_RoundedTriangle_solid.uasset" 358
"../../../Engine/Plugins/Animation/ControlRig/Content/Controls/ControlRig_RoundedTriangle_solid.uexp" 359
"../../../Engine/Plugins/Animation/ControlRig/Content/Controls/ControlRig_RoundedTriangle_3mm.uasset" 360
"../../../Engine/Plugins/Animation/ControlRig/Content/Controls/ControlRig_RoundedTriangle_3mm.uexp" 361
"../../../Engine/Plugins/Animation/ControlRig/Content/Controls/ControlRig_RoundedTriangle_1mm.uasset" 362
"../../../Engine/Plugins/Animation/ControlRig/Content/Controls/ControlRig_RoundedTriangle_1mm.uexp" 363
"../../../Engine/Plugins/Animation/ControlRig/Content/Controls/ControlRig_RoundedSquare_solid.uasset" 364
"../../../Engine/Plugins/Animation/ControlRig/Content/Controls/ControlRig_RoundedSquare_solid.uexp" 365
"../../../Engine/Plugins/Animation/ControlRig/Content/Controls/ControlRig_RoundedSquare_3mm.uasset" 366
"../../../Engine/Plugins/Animation/ControlRig/Content/Controls/ControlRig_RoundedSquare_3mm.uexp" 367
"../../../Engine/Plugins/Animation/ControlRig/Content/Controls/ControlRig_RoundedSquare_1mm.uasset" 368
"../../../Engine/Plugins/Animation/ControlRig/Content/Controls/ControlRig_RoundedSquare_1mm.uexp" 369
"../../../Engine/Plugins/Animation/ControlRig/Content/Controls/ControlRig_QuarterCircle_solid.uasset" 370
"../../../Engine/Plugins/Animation/ControlRig/Content/Controls/ControlRig_QuarterCircle_solid.uexp" 371
"../../../Engine/Plugins/Animation/ControlRig/Content/Controls/ControlRig_QuarterCircle_3mm.uasset" 372
"../../../Engine/Plugins/Animation/ControlRig/Content/Controls/ControlRig_QuarterCircle_3mm.uexp" 373
"../../../Engine/Plugins/Animation/ControlRig/Content/Controls/ControlRig_QuarterCircle_1mm.uasset" 374
"../../../Engine/Plugins/Animation/ControlRig/Content/Controls/ControlRig_QuarterCircle_1mm.uexp" 375
"../../../Engine/Plugins/Animation/ControlRig/Content/Controls/ControlRig_Pyramid_solid.uasset" 376
"../../../Engine/Plugins/Animation/ControlRig/Content/Controls/ControlRig_Pyramid_solid.uexp" 377
"../../../Engine/Plugins/Animation/ControlRig/Content/Controls/ControlRig_Pyramid_3mm.uasset" 378
"../../../Engine/Plugins/Animation/ControlRig/Content/Controls/ControlRig_Pyramid_3mm.uexp" 379
"../../../Engine/Plugins/Animation/ControlRig/Content/Controls/ControlRig_Pyramid_1mm.uasset" 380
"../../../Engine/Plugins/Animation/ControlRig/Content/Controls/ControlRig_Pyramid_1mm.uexp" 381
"../../../Engine/Plugins/Animation/ControlRig/Content/Controls/ControlRig_Octagon_solid.uasset" 382
"../../../Engine/Plugins/Animation/ControlRig/Content/Controls/ControlRig_Octagon_solid.uexp" 383
"../../../Engine/Plugins/Animation/ControlRig/Content/Controls/ControlRig_Octagon_3mm.uasset" 384
"../../../Engine/Plugins/Animation/ControlRig/Content/Controls/ControlRig_Octagon_3mm.uexp" 385
"../../../Engine/Plugins/Animation/ControlRig/Content/Controls/ControlRig_Octagon_1mm.uasset" 386
"../../../Engine/Plugins/Animation/ControlRig/Content/Controls/ControlRig_Octagon_1mm.uexp" 387
"../../../Engine/Plugins/Animation/ControlRig/Content/Controls/ControlRig_Hexagon_solid.uasset" 388
"../../../Engine/Plugins/Animation/ControlRig/Content/Controls/ControlRig_Hexagon_solid.uexp" 389
"../../../Engine/Plugins/Animation/ControlRig/Content/Controls/ControlRig_Hexagon_3mm.uasset" 390
"../../../Engine/Plugins/Animation/ControlRig/Content/Controls/ControlRig_Hexagon_3mm.uexp" 391
"../../../Engine/Plugins/Animation/ControlRig/Content/Controls/ControlRig_Hexagon_1mm.uasset" 392
"../../../Engine/Plugins/Animation/ControlRig/Content/Controls/ControlRig_Hexagon_1mm.uexp" 393
"../../../Engine/Plugins/Animation/ControlRig/Content/Controls/ControlRig_HalfCircle_solid.uasset" 394
"../../../Engine/Plugins/Animation/ControlRig/Content/Controls/ControlRig_HalfCircle_solid.uexp" 395
"../../../Engine/Plugins/Animation/ControlRig/Content/Controls/ControlRig_HalfCircle_3mm.uasset" 396
"../../../Engine/Plugins/Animation/ControlRig/Content/Controls/ControlRig_HalfCircle_3mm.uexp" 397
"../../../Engine/Plugins/Animation/ControlRig/Content/Controls/ControlRig_HalfCircle_1mm.uasset" 398
"../../../Engine/Plugins/Animation/ControlRig/Content/Controls/ControlRig_HalfCircle_1mm.uexp" 399
"../../../Engine/Plugins/Animation/ControlRig/Content/Controls/ControlRig_Diamond_solid.uasset" 400
"../../../Engine/Plugins/Animation/ControlRig/Content/Controls/ControlRig_Diamond_solid.uexp" 401
"../../../Engine/Plugins/Animation/ControlRig/Content/Controls/ControlRig_Diamond_3mm.uasset" 402
"../../../Engine/Plugins/Animation/ControlRig/Content/Controls/ControlRig_Diamond_3mm.uexp" 403
"../../../Engine/Plugins/Animation/ControlRig/Content/Controls/ControlRig_Diamond_1mm.uasset" 404
"../../../Engine/Plugins/Animation/ControlRig/Content/Controls/ControlRig_Diamond_1mm.uexp" 405
"../../../Engine/Plugins/Animation/ControlRig/Content/Controls/ControlRig_Circle_solid.uasset" 406
"../../../Engine/Plugins/Animation/ControlRig/Content/Controls/ControlRig_Circle_solid.uexp" 407
"../../../Engine/Plugins/Animation/ControlRig/Content/Controls/ControlRig_Circle_3mm.uasset" 408
"../../../Engine/Plugins/Animation/ControlRig/Content/Controls/ControlRig_Circle_3mm.uexp" 409
"../../../Engine/Plugins/Animation/ControlRig/Content/Controls/ControlRig_Circle_1mm.uasset" 410
"../../../Engine/Plugins/Animation/ControlRig/Content/Controls/ControlRig_Circle_1mm.uexp" 411
"../../../Engine/Plugins/Animation/ControlRig/Content/Controls/ControlRig_Box_solid.uasset" 412
"../../../Engine/Plugins/Animation/ControlRig/Content/Controls/ControlRig_Box_solid.uexp" 413
"../../../Engine/Plugins/Animation/ControlRig/Content/Controls/ControlRig_Box_3mm.uasset" 414
"../../../Engine/Plugins/Animation/ControlRig/Content/Controls/ControlRig_Box_3mm.uexp" 415
"../../../Engine/Plugins/Animation/ControlRig/Content/Controls/ControlRig_Box_1mm.uasset" 416
"../../../Engine/Plugins/Animation/ControlRig/Content/Controls/ControlRig_Box_1mm.uexp" 417
"../../../Engine/Plugins/Animation/ControlRig/Content/Controls/ControlRig_Arrow_solid.uasset" 418
"../../../Engine/Plugins/Animation/ControlRig/Content/Controls/ControlRig_Arrow_solid.uexp" 419
"../../../Engine/Plugins/Animation/ControlRig/Content/Controls/ControlRig_Arrow_3mm.uasset" 420
"../../../Engine/Plugins/Animation/ControlRig/Content/Controls/ControlRig_Arrow_3mm.uexp" 421
"../../../Engine/Plugins/Animation/ControlRig/Content/Controls/ControlRig_Arrow_1mm.uasset" 422
"../../../Engine/Plugins/Animation/ControlRig/Content/Controls/ControlRig_Arrow_1mm.uexp" 423
"../../../Engine/Plugins/Animation/ControlRig/Content/Controls/ControlRig_Arrow4_solid.uasset" 424
"../../../Engine/Plugins/Animation/ControlRig/Content/Controls/ControlRig_Arrow4_solid.uexp" 425
"../../../Engine/Plugins/Animation/ControlRig/Content/Controls/ControlRig_Arrow4_3mm.uasset" 426
"../../../Engine/Plugins/Animation/ControlRig/Content/Controls/ControlRig_Arrow4_3mm.uexp" 427
"../../../Engine/Plugins/Animation/ControlRig/Content/Controls/ControlRig_Arrow4_1mm.uasset" 428
"../../../Engine/Plugins/Animation/ControlRig/Content/Controls/ControlRig_Arrow4_1mm.uexp" 429
"../../../Engine/Plugins/Animation/ControlRig/Content/Controls/ControlRig_Arrow2_solid.uasset" 430
"../../../Engine/Plugins/Animation/ControlRig/Content/Controls/ControlRig_Arrow2_solid.uexp" 431
"../../../Engine/Plugins/Animation/ControlRig/Content/Controls/ControlRig_Arrow2_3mm.uasset" 432
"../../../Engine/Plugins/Animation/ControlRig/Content/Controls/ControlRig_Arrow2_3mm.uexp" 433
"../../../Engine/Plugins/Animation/ControlRig/Content/Controls/ControlRig_Arrow2_1mm.uasset" 434
"../../../Engine/Plugins/Animation/ControlRig/Content/Controls/ControlRig_Arrow2_1mm.uexp" 435
"../../../Engine/Plugins/Animation/ControlRig/Content/Controls/ControlRigXRayMaterial.uasset" 436
"../../../Engine/Plugins/Animation/ControlRig/Content/Controls/ControlRigXRayMaterial.uexp" 437
"../../../Engine/Plugins/Animation/ControlRig/Content/Controls/ControlRigGizmoMaterial.uasset" 438
"../../../Engine/Plugins/Animation/ControlRig/Content/Controls/ControlRigGizmoMaterial.uexp" 439
"../../../Engine/Plugins/Editor/SpeedTreeImporter/Content/SpeedTree9/game_wind_noise.ubulk" 440
"../../../Engine/Plugins/Editor/SpeedTreeImporter/Content/SpeedTree9/game_wind_noise.uasset" 441
"../../../Engine/Plugins/Editor/SpeedTreeImporter/Content/SpeedTree9/game_wind_noise.uexp" 442
"../../../Engine/Plugins/Editor/SpeedTreeImporter/Content/SpeedTree9/UnpackDirection.uasset" 443
"../../../Engine/Plugins/Editor/SpeedTreeImporter/Content/SpeedTree9/UnpackDirection.uexp" 444
"../../../Engine/Content/Functions/Engine_MaterialFunctions02/ObjectLocalBounds.uasset" 445
"../../../Engine/Content/Functions/Engine_MaterialFunctions02/ObjectLocalBounds.uexp" 446
"../../../Engine/Content/Functions/Engine_MaterialFunctions02/UVs/BoundingBoxBased_0-1_UVW.uasset" 447
"../../../Engine/Content/Functions/Engine_MaterialFunctions02/UVs/BoundingBoxBased_0-1_UVW.uexp" 448
"../../../Engine/Content/Functions/Engine_MaterialFunctions02/Utility/VectorLength.uasset" 449
"../../../Engine/Content/Functions/Engine_MaterialFunctions02/Utility/VectorLength.uexp" 450
"../../../Engine/Plugins/Editor/SpeedTreeImporter/Content/SpeedTree9/UnpackInteger3.uasset" 451
"../../../Engine/Plugins/Editor/SpeedTreeImporter/Content/SpeedTree9/UnpackInteger3.uexp" 452
"../../../Engine/Plugins/Editor/SpeedTreeImporter/Content/SpeedTree9/SpeedTreeCameraFacing.uasset" 453
"../../../Engine/Plugins/Editor/SpeedTreeImporter/Content/SpeedTree9/SpeedTreeCameraFacing.uexp" 454
"../../../Engine/Content/Functions/Engine_MaterialFunctions02/WorldPositionOffset/ObjectScale.uasset" 455
"../../../Engine/Content/Functions/Engine_MaterialFunctions02/WorldPositionOffset/ObjectScale.uexp" 456
"../../../Engine/Content/Functions/Engine_MaterialFunctions02/SafeNormalize.uasset" 457
"../../../Engine/Content/Functions/Engine_MaterialFunctions02/SafeNormalize.uexp" 458
"../../../Engine/Plugins/Editor/SpeedTreeImporter/Content/SpeedTree9/SpeedTreeWindMotion.uasset" 459
"../../../Engine/Plugins/Editor/SpeedTreeImporter/Content/SpeedTree9/SpeedTreeWindMotion.uexp" 460
"../../../Engine/Plugins/Editor/SpeedTreeImporter/Content/SpeedTree9/SpeedTreeBranchMotion.uasset" 461
"../../../Engine/Plugins/Editor/SpeedTreeImporter/Content/SpeedTree9/SpeedTreeBranchMotion.uexp" 462
"../../../Engine/Plugins/Editor/SpeedTreeImporter/Content/SpeedTree9/SpeedTreeWind.uasset" 463
"../../../Engine/Plugins/Editor/SpeedTreeImporter/Content/SpeedTree9/SpeedTreeWind.uexp" 464
"../../../Engine/Plugins/Editor/SpeedTreeImporter/Content/SpeedTree9/EmptyNormal.uasset" 465
"../../../Engine/Plugins/Editor/SpeedTreeImporter/Content/SpeedTree9/EmptyNormal.uexp" 466
"../../../Engine/Plugins/Editor/SpeedTreeImporter/Content/SpeedTree9/Empty.uasset" 467
"../../../Engine/Plugins/Editor/SpeedTreeImporter/Content/SpeedTree9/Empty.uexp" 468
"../../../Engine/Plugins/Editor/SpeedTreeImporter/Content/SpeedTree9/SpeedTreeMaster.uasset" 469
"../../../Engine/Plugins/Editor/SpeedTreeImporter/Content/SpeedTree9/SpeedTreeMaster.uexp" 470
"../../../Engine/Plugins/Editor/SpeedTreeImporter/Content/SpeedTree9/SpeedTreeBillboard.uasset" 471
"../../../Engine/Plugins/Editor/SpeedTreeImporter/Content/SpeedTree9/SpeedTreeBillboard.uexp" 472
"../../../Engine/Plugins/Editor/SpeedTreeImporter/Content/SpeedTree9/SpeedTreeBillboardMaster.uasset" 473
"../../../Engine/Plugins/Editor/SpeedTreeImporter/Content/SpeedTree9/SpeedTreeBillboardMaster.uexp" 474
"../../../Engine/Content/Functions/Engine_MaterialFunctions02/Texturing/CustomRotator.uasset" 475
"../../../Engine/Content/Functions/Engine_MaterialFunctions02/Texturing/CustomRotator.uexp" 476
"../../../Engine/Content/Functions/Engine_MaterialFunctions02/Texturing/ScreenAlignedPixelToPixelUVs.uasset" 477
"../../../Engine/Content/Functions/Engine_MaterialFunctions02/Texturing/ScreenAlignedPixelToPixelUVs.uexp" 478
"../../../Engine/Plugins/Interchange/Runtime/Content/Utilities/T_Bayer64_Grayscale_64px.uasset" 479
"../../../Engine/Plugins/Interchange/Runtime/Content/Utilities/T_Bayer64_Grayscale_64px.uexp" 480
"../../../Engine/Plugins/Interchange/Runtime/Content/gltf/MaterialFunctions/MF_Temporal_Blur.uasset" 481
"../../../Engine/Plugins/Interchange/Runtime/Content/gltf/MaterialFunctions/MF_Temporal_Blur.uexp" 482
"../../../Engine/Plugins/Interchange/Runtime/Content/gltf/MaterialFunctions/MF_Fresnel_DS.uasset" 483
"../../../Engine/Plugins/Interchange/Runtime/Content/gltf/MaterialFunctions/MF_Fresnel_DS.uexp" 484
"../../../Engine/Plugins/Interchange/Runtime/Content/Functions/MX_Transmission.uasset" 485
"../../../Engine/Plugins/Interchange/Runtime/Content/Functions/MX_Transmission.uexp" 486
"../../../Engine/Plugins/Interchange/Runtime/Content/Functions/MF_OrenNayerView.uasset" 487
"../../../Engine/Plugins/Interchange/Runtime/Content/Functions/MF_OrenNayerView.uexp" 488
"../../../Engine/Plugins/Interchange/Runtime/Content/Functions/MF_SchlickApprox.uasset" 489
"../../../Engine/Plugins/Interchange/Runtime/Content/Functions/MF_SchlickApprox.uexp" 490
"../../../Engine/Plugins/Interchange/Runtime/Content/Utilities/New_LUT.uasset" 491
"../../../Engine/Plugins/Interchange/Runtime/Content/Utilities/New_LUT.uexp" 492
"../../../Engine/Content/Functions/Engine_MaterialFunctions03/Math/RemapValueRange.uasset" 493
"../../../Engine/Content/Functions/Engine_MaterialFunctions03/Math/RemapValueRange.uexp" 494
"../../../Engine/Plugins/Interchange/Runtime/Content/Functions/MF_Iridescence.uasset" 495
"../../../Engine/Plugins/Interchange/Runtime/Content/Functions/MF_Iridescence.uexp" 496
"../../../Engine/Plugins/Interchange/Runtime/Content/Functions/MX_StandardSurface.uasset" 497
"../../../Engine/Plugins/Interchange/Runtime/Content/Functions/MX_StandardSurface.uexp" 498
"../../../Engine/Plugins/Interchange/Runtime/Content/Functions/MX_TransmissionSurface.uasset" 499
"../../../Engine/Plugins/Interchange/Runtime/Content/Functions/MX_TransmissionSurface.uexp" 500
"../../../Engine/Content/Functions/Engine_MaterialFunctions02/Math/AddComponents.uasset" 501
"../../../Engine/Content/Functions/Engine_MaterialFunctions02/Math/AddComponents.uexp" 502
"../../../Engine/Content/Functions/Engine_MaterialFunctions02/WorldPositionOffset/V2/ObjectScale.uasset" 503
"../../../Engine/Content/Functions/Engine_MaterialFunctions02/WorldPositionOffset/V2/ObjectScale.uexp" 504
"../../../Engine/Plugins/Interchange/Runtime/Content/gltf/MaterialFunctions/MF_TransmissionOpacity.uasset" 505
"../../../Engine/Plugins/Interchange/Runtime/Content/gltf/MaterialFunctions/MF_TransmissionOpacity.uexp" 506
"../../../Engine/Plugins/Interchange/Runtime/Content/gltf/MaterialFunctions/MF_RotateV2.uasset" 507
"../../../Engine/Plugins/Interchange/Runtime/Content/gltf/MaterialFunctions/MF_RotateV2.uexp" 508
"../../../Engine/Plugins/Interchange/Runtime/Content/gltf/MaterialFunctions/MF_TransformUVs.uasset" 509
"../../../Engine/Plugins/Interchange/Runtime/Content/gltf/MaterialFunctions/MF_TransformUVs.uexp" 510
"../../../Engine/Plugins/Interchange/Runtime/Content/gltf/Textures/T_White_srgb.uasset" 511
"../../../Engine/Plugins/Interchange/Runtime/Content/gltf/Textures/T_White_srgb.uexp" 512
"../../../Engine/Plugins/Interchange/Runtime/Content/gltf/MaterialFunctions/MF_BaseColor.uasset" 513
"../../../Engine/Plugins/Interchange/Runtime/Content/gltf/MaterialFunctions/MF_BaseColor.uexp" 514
"../../../Engine/Plugins/Interchange/Runtime/Content/gltf/MaterialFunctions/MF_DiffuseSpecGloss.uasset" 515
"../../../Engine/Plugins/Interchange/Runtime/Content/gltf/MaterialFunctions/MF_DiffuseSpecGloss.uexp" 516
"../../../Engine/Plugins/Interchange/Runtime/Content/gltf/Textures/T_White_Linear.uasset" 517
"../../../Engine/Plugins/Interchange/Runtime/Content/gltf/Textures/T_White_Linear.uexp" 518
"../../../Engine/Plugins/Interchange/Runtime/Content/gltf/MaterialFunctions/MF_MetallicRoughness.uasset" 519
"../../../Engine/Plugins/Interchange/Runtime/Content/gltf/MaterialFunctions/MF_MetallicRoughness.uexp" 520
"../../../Engine/Plugins/Interchange/Runtime/Content/gltf/MaterialFunctions/MF_Transmission.uasset" 521
"../../../Engine/Plugins/Interchange/Runtime/Content/gltf/MaterialFunctions/MF_Transmission.uexp" 522
"../../../Engine/Plugins/Interchange/Runtime/Content/gltf/MaterialFunctions/MF_Occlusion.uasset" 523
"../../../Engine/Plugins/Interchange/Runtime/Content/gltf/MaterialFunctions/MF_Occlusion.uexp" 524
"../../../Engine/Plugins/Interchange/Runtime/Content/gltf/MaterialFunctions/MF_Specular.uasset" 525
"../../../Engine/Plugins/Interchange/Runtime/Content/gltf/MaterialFunctions/MF_Specular.uexp" 526
"../../../Engine/Plugins/Interchange/Runtime/Content/gltf/MaterialFunctions/MF_IOR.uasset" 527
"../../../Engine/Plugins/Interchange/Runtime/Content/gltf/MaterialFunctions/MF_IOR.uexp" 528
"../../../Engine/Content/Functions/Engine_MaterialFunctions01/Texturing/FlattenNormal.uasset" 529
"../../../Engine/Content/Functions/Engine_MaterialFunctions01/Texturing/FlattenNormal.uexp" 530
"../../../Engine/Content/Functions/Engine_MaterialFunctions02/Math/Transform3x3Matrix.uasset" 531
"../../../Engine/Content/Functions/Engine_MaterialFunctions02/Math/Transform3x3Matrix.uexp" 532
"../../../Engine/Plugins/Interchange/Runtime/Content/gltf/MaterialFunctions/MF_RotateNormals_TS.uasset" 533
"../../../Engine/Plugins/Interchange/Runtime/Content/gltf/MaterialFunctions/MF_RotateNormals_TS.uexp" 534
"../../../Engine/Plugins/Interchange/Runtime/Content/gltf/Textures/T_Generic_N.uasset" 535
"../../../Engine/Plugins/Interchange/Runtime/Content/gltf/Textures/T_Generic_N.uexp" 536
"../../../Engine/Plugins/Interchange/Runtime/Content/gltf/MaterialFunctions/MF_Normals.uasset" 537
"../../../Engine/Plugins/Interchange/Runtime/Content/gltf/MaterialFunctions/MF_Normals.uexp" 538
"../../../Engine/Plugins/Interchange/Runtime/Content/gltf/MaterialFunctions/MF_PerceivedBrightness.uasset" 539
"../../../Engine/Plugins/Interchange/Runtime/Content/gltf/MaterialFunctions/MF_PerceivedBrightness.uexp" 540
"../../../Engine/Plugins/Interchange/Runtime/Content/gltf/MaterialFunctions/MF_SpecGlossToMetalRoughness.uasset" 541
"../../../Engine/Plugins/Interchange/Runtime/Content/gltf/MaterialFunctions/MF_SpecGlossToMetalRoughness.uexp" 542
"../../../Engine/Plugins/Interchange/Runtime/Content/gltf/M_Transmission.uasset" 543
"../../../Engine/Plugins/Interchange/Runtime/Content/gltf/M_Transmission.uexp" 544
"../../../Engine/Plugins/Interchange/Runtime/Content/gltf/MaterialInstances_MR/MI_Transmission_TS.uasset" 545
"../../../Engine/Plugins/Interchange/Runtime/Content/gltf/MaterialInstances_MR/MI_Transmission_TS.uexp" 546
"../../../Engine/Plugins/Interchange/Runtime/Content/gltf/MaterialInstances_MR/MI_Transmission.uasset" 547
"../../../Engine/Plugins/Interchange/Runtime/Content/gltf/MaterialInstances_MR/MI_Transmission.uexp" 548
"../../../Engine/Plugins/Interchange/Runtime/Content/gltf/MaterialFunctions/MF_Clearcoat.uasset" 549
"../../../Engine/Plugins/Interchange/Runtime/Content/gltf/MaterialFunctions/MF_Clearcoat.uexp" 550
"../../../Engine/Plugins/Interchange/Runtime/Content/gltf/MaterialFunctions/MF_Emissive.uasset" 551
"../../../Engine/Plugins/Interchange/Runtime/Content/gltf/MaterialFunctions/MF_Emissive.uexp" 552
"../../../Engine/Plugins/Interchange/Runtime/Content/gltf/M_Translucent.uasset" 553
"../../../Engine/Plugins/Interchange/Runtime/Content/gltf/M_Translucent.uexp" 554
"../../../Engine/Plugins/Interchange/Runtime/Content/gltf/MaterialInstances_MR/MI_Translucent_TS.uasset" 555
"../../../Engine/Plugins/Interchange/Runtime/Content/gltf/MaterialInstances_MR/MI_Translucent_TS.uexp" 556
"../../../Engine/Plugins/Interchange/Runtime/Content/gltf/MaterialInstances_MR/MI_Translucent_ClearCoat_TS.uasset" 557
"../../../Engine/Plugins/Interchange/Runtime/Content/gltf/MaterialInstances_MR/MI_Translucent_ClearCoat_TS.uexp" 558
"../../../Engine/Plugins/Interchange/Runtime/Content/gltf/MaterialInstances_MR/MI_Translucent_ClearCoat.uasset" 559
"../../../Engine/Plugins/Interchange/Runtime/Content/gltf/MaterialInstances_MR/MI_Translucent_ClearCoat.uexp" 560
"../../../Engine/Plugins/Interchange/Runtime/Content/gltf/MaterialInstances_MR/MI_Translucent.uasset" 561
"../../../Engine/Plugins/Interchange/Runtime/Content/gltf/MaterialInstances_MR/MI_Translucent.uexp" 562
"../../../Engine/Plugins/Interchange/Runtime/Content/gltf/M_Unlit.uasset" 563
"../../../Engine/Plugins/Interchange/Runtime/Content/gltf/M_Unlit.uexp" 564
"../../../Engine/Plugins/Interchange/Runtime/Content/gltf/MaterialInstances_MR/MI_Opaque_Unlit_TS.uasset" 565
"../../../Engine/Plugins/Interchange/Runtime/Content/gltf/MaterialInstances_MR/MI_Opaque_Unlit_TS.uexp" 566
"../../../Engine/Plugins/Interchange/Runtime/Content/gltf/MaterialInstances_MR/MI_Opaque_Unlit.uasset" 567
"../../../Engine/Plugins/Interchange/Runtime/Content/gltf/MaterialInstances_MR/MI_Opaque_Unlit.uexp" 568
"../../../Engine/Plugins/Interchange/Runtime/Content/gltf/M_Opaque.uasset" 569
"../../../Engine/Plugins/Interchange/Runtime/Content/gltf/M_Opaque.uexp" 570
"../../../Engine/Plugins/Interchange/Runtime/Content/gltf/MaterialInstances_MR/MI_Opaque_TS.uasset" 571
"../../../Engine/Plugins/Interchange/Runtime/Content/gltf/MaterialInstances_MR/MI_Opaque_TS.uexp" 572
"../../../Engine/Plugins/Interchange/Runtime/Content/gltf/MaterialFunctions/MF_Sheen.uasset" 573
"../../../Engine/Plugins/Interchange/Runtime/Content/gltf/MaterialFunctions/MF_Sheen.uexp" 574
"../../../Engine/Content/Functions/Engine_MaterialFunctions01/Shading/FuzzyShading.uasset" 575
"../../../Engine/Content/Functions/Engine_MaterialFunctions01/Shading/FuzzyShading.uexp" 576
"../../../Engine/Plugins/Interchange/Runtime/Content/gltf/M_Sheen.uasset" 577
"../../../Engine/Plugins/Interchange/Runtime/Content/gltf/M_Sheen.uexp" 578
"../../../Engine/Plugins/Interchange/Runtime/Content/gltf/MaterialInstances_MR/MI_Opaque_Sheen_TS.uasset" 579
"../../../Engine/Plugins/Interchange/Runtime/Content/gltf/MaterialInstances_MR/MI_Opaque_Sheen_TS.uexp" 580
"../../../Engine/Plugins/Interchange/Runtime/Content/gltf/MaterialInstances_MR/MI_Opaque_Sheen.uasset" 581
"../../../Engine/Plugins/Interchange/Runtime/Content/gltf/MaterialInstances_MR/MI_Opaque_Sheen.uexp" 582
"../../../Engine/Plugins/Interchange/Runtime/Content/gltf/MaterialInstances_MR/MI_Opaque_ClearCoat_TS.uasset" 583
"../../../Engine/Plugins/Interchange/Runtime/Content/gltf/MaterialInstances_MR/MI_Opaque_ClearCoat_TS.uexp" 584
"../../../Engine/Plugins/Interchange/Runtime/Content/gltf/MaterialInstances_MR/MI_Opaque_ClearCoat.uasset" 585
"../../../Engine/Plugins/Interchange/Runtime/Content/gltf/MaterialInstances_MR/MI_Opaque_ClearCoat.uexp" 586
"../../../Engine/Plugins/Interchange/Runtime/Content/gltf/MaterialInstances_MR/MI_Opaque.uasset" 587
"../../../Engine/Plugins/Interchange/Runtime/Content/gltf/MaterialInstances_MR/MI_Opaque.uexp" 588
"../../../Engine/Plugins/Interchange/Runtime/Content/gltf/MaterialInstances_SG/MI_Transmission_TS.uasset" 589
"../../../Engine/Plugins/Interchange/Runtime/Content/gltf/MaterialInstances_SG/MI_Transmission_TS.uexp" 590
"../../../Engine/Plugins/Interchange/Runtime/Content/gltf/MaterialInstances_SG/MI_Transmission.uasset" 591
"../../../Engine/Plugins/Interchange/Runtime/Content/gltf/MaterialInstances_SG/MI_Transmission.uexp" 592
"../../../Engine/Plugins/Interchange/Runtime/Content/gltf/MaterialInstances_SG/MI_Translucent_TS.uasset" 593
"../../../Engine/Plugins/Interchange/Runtime/Content/gltf/MaterialInstances_SG/MI_Translucent_TS.uexp" 594
"../../../Engine/Plugins/Interchange/Runtime/Content/gltf/MaterialInstances_SG/MI_Translucent_ClearCoat_TS.uasset" 595
"../../../Engine/Plugins/Interchange/Runtime/Content/gltf/MaterialInstances_SG/MI_Translucent_ClearCoat_TS.uexp" 596
"../../../Engine/Plugins/Interchange/Runtime/Content/gltf/MaterialInstances_SG/MI_Translucent_ClearCoat.uasset" 597
"../../../Engine/Plugins/Interchange/Runtime/Content/gltf/MaterialInstances_SG/MI_Translucent_ClearCoat.uexp" 598
"../../../Engine/Plugins/Interchange/Runtime/Content/gltf/MaterialInstances_SG/MI_Translucent.uasset" 599
"../../../Engine/Plugins/Interchange/Runtime/Content/gltf/MaterialInstances_SG/MI_Translucent.uexp" 600
"../../../Engine/Plugins/Interchange/Runtime/Content/gltf/MaterialInstances_SG/MI_Opaque_TS.uasset" 601
"../../../Engine/Plugins/Interchange/Runtime/Content/gltf/MaterialInstances_SG/MI_Opaque_TS.uexp" 602
"../../../Engine/Plugins/Interchange/Runtime/Content/gltf/MaterialInstances_SG/MI_Opaque_Sheen_TS.uasset" 603
"../../../Engine/Plugins/Interchange/Runtime/Content/gltf/MaterialInstances_SG/MI_Opaque_Sheen_TS.uexp" 604
"../../../Engine/Plugins/Interchange/Runtime/Content/gltf/MaterialInstances_SG/MI_Opaque_Sheen.uasset" 605
"../../../Engine/Plugins/Interchange/Runtime/Content/gltf/MaterialInstances_SG/MI_Opaque_Sheen.uexp" 606
"../../../Engine/Plugins/Interchange/Runtime/Content/gltf/MaterialInstances_SG/MI_Opaque_ClearCoat_TS.uasset" 607
"../../../Engine/Plugins/Interchange/Runtime/Content/gltf/MaterialInstances_SG/MI_Opaque_ClearCoat_TS.uexp" 608
"../../../Engine/Plugins/Interchange/Runtime/Content/gltf/MaterialInstances_SG/MI_Opaque_ClearCoat.uasset" 609
"../../../Engine/Plugins/Interchange/Runtime/Content/gltf/MaterialInstances_SG/MI_Opaque_ClearCoat.uexp" 610
"../../../Engine/Plugins/Interchange/Runtime/Content/gltf/MaterialInstances_SG/MI_Opaque.uasset" 611
"../../../Engine/Plugins/Interchange/Runtime/Content/gltf/MaterialInstances_SG/MI_Opaque.uexp" 612
"../../../Engine/Plugins/Interchange/Runtime/Content/gltf/Textures/T_Gray_Linear.uasset" 613
"../../../Engine/Plugins/Interchange/Runtime/Content/gltf/Textures/T_Gray_Linear.uexp" 614
"../../../Engine/Plugins/Interchange/Runtime/Content/gltf/Textures/T_Black_srgb.uasset" 615
"../../../Engine/Plugins/Interchange/Runtime/Content/gltf/Textures/T_Black_srgb.uexp" 616
"../../../Engine/Plugins/Interchange/Runtime/Content/Materials/UnlitMaterial.uasset" 617
"../../../Engine/Plugins/Interchange/Runtime/Content/Materials/UnlitMaterial.uexp" 618
"../../../Engine/Content/EngineMaterials/DefaultNormal.ubulk" 619
"../../../Engine/Content/EngineMaterials/DefaultNormal.uasset" 620
"../../../Engine/Content/EngineMaterials/DefaultNormal.uexp" 621
"../../../Engine/Plugins/Interchange/Runtime/Content/Materials/MapOrScalarFunction.uasset" 622
"../../../Engine/Plugins/Interchange/Runtime/Content/Materials/MapOrScalarFunction.uexp" 623
"../../../Engine/Plugins/Interchange/Runtime/Content/Materials/MapOrLinearColorFunction.uasset" 624
"../../../Engine/Plugins/Interchange/Runtime/Content/Materials/MapOrLinearColorFunction.uexp" 625
"../../../Engine/Plugins/Interchange/Runtime/Content/Materials/MapOrColorFunction.uasset" 626
"../../../Engine/Plugins/Interchange/Runtime/Content/Materials/MapOrColorFunction.uexp" 627
"../../../Engine/Plugins/Interchange/Runtime/Content/Materials/CommonMaterial.uasset" 628
"../../../Engine/Plugins/Interchange/Runtime/Content/Materials/CommonMaterial.uexp" 629
"../../../Engine/Plugins/Interchange/Runtime/Content/Materials/PBRSurfaceFunction.uasset" 630
"../../../Engine/Plugins/Interchange/Runtime/Content/Materials/PBRSurfaceFunction.uexp" 631
"../../../Engine/Plugins/Interchange/Runtime/Content/Materials/ThinTranslucentMaterial.uasset" 632
"../../../Engine/Plugins/Interchange/Runtime/Content/Materials/ThinTranslucentMaterial.uexp" 633
"../../../Engine/Plugins/Interchange/Runtime/Content/Materials/SubsurfaceMaterial.uasset" 634
"../../../Engine/Plugins/Interchange/Runtime/Content/Materials/SubsurfaceMaterial.uexp" 635
"../../../Engine/Plugins/Interchange/Runtime/Content/Materials/SheenMaterial.uasset" 636
"../../../Engine/Plugins/Interchange/Runtime/Content/Materials/SheenMaterial.uexp" 637
"../../../Engine/Content/Functions/Engine_MaterialFunctions01/Shading/ConvertFromDiffSpec.uasset" 638
"../../../Engine/Content/Functions/Engine_MaterialFunctions01/Shading/ConvertFromDiffSpec.uexp" 639
"../../../Engine/Plugins/Interchange/Runtime/Content/Materials/PhongSurfaceMaterial.uasset" 640
"../../../Engine/Plugins/Interchange/Runtime/Content/Materials/PhongSurfaceMaterial.uexp" 641
"../../../Engine/Plugins/Interchange/Runtime/Content/Materials/PBRSurfaceMaterial.uasset" 642
"../../../Engine/Plugins/Interchange/Runtime/Content/Materials/PBRSurfaceMaterial.uexp" 643
"../../../Engine/Content/EngineMaterials/FlatNormal.uasset" 644
"../../../Engine/Content/EngineMaterials/FlatNormal.uexp" 645
"../../../Engine/Content/EditorLandscapeResources/WhiteSquareTexture.uasset" 646
"../../../Engine/Content/EditorLandscapeResources/WhiteSquareTexture.uexp" 647
"../../../Engine/Plugins/Interchange/Runtime/Content/Materials/OrenNayerMaterial.uasset" 648
"../../../Engine/Plugins/Interchange/Runtime/Content/Materials/OrenNayerMaterial.uexp" 649
"../../../Engine/Plugins/Interchange/Runtime/Content/Materials/LambertSurfaceMaterial.uasset" 650
"../../../Engine/Plugins/Interchange/Runtime/Content/Materials/LambertSurfaceMaterial.uexp" 651
"../../../Engine/Plugins/Interchange/Runtime/Content/Materials/ClearCoatMaterial.uasset" 652
"../../../Engine/Plugins/Interchange/Runtime/Content/Materials/ClearCoatMaterial.uexp" 653
"../../../Engine/Plugins/Interchange/Runtime/Content/Pipelines/DefaultTexturePipeline.uasset" 654
"../../../Engine/Plugins/Interchange/Runtime/Content/Pipelines/DefaultTexturePipeline.uexp" 655
"../../../Engine/Plugins/Interchange/Runtime/Content/Pipelines/DefaultSceneLevelPipeline.uasset" 656
"../../../Engine/Plugins/Interchange/Runtime/Content/Pipelines/DefaultSceneLevelPipeline.uexp" 657
"../../../Engine/Plugins/Interchange/Runtime/Content/Pipelines/DefaultSceneAssetsPipeline.uasset" 658
"../../../Engine/Plugins/Interchange/Runtime/Content/Pipelines/DefaultSceneAssetsPipeline.uexp" 659
"../../../Engine/Plugins/Interchange/Runtime/Content/Pipelines/DefaultMaterialPipeline.uasset" 660
"../../../Engine/Plugins/Interchange/Runtime/Content/Pipelines/DefaultMaterialPipeline.uexp" 661
"../../../Engine/Plugins/Interchange/Runtime/Content/Pipelines/DefaultAssetsPipeline.uasset" 662
"../../../Engine/Plugins/Interchange/Runtime/Content/Pipelines/DefaultAssetsPipeline.uexp" 663
"../../../Engine/Plugins/Runtime/MeshModelingToolset/Content/Materials/M_DynamicMeshComponentVtxColor.uasset" 664
"../../../Engine/Plugins/Runtime/MeshModelingToolset/Content/Materials/M_DynamicMeshComponentVtxColor.uexp" 665
"C:/Users/mihai/Documents/Unreal Projects/CATAN/Content/Assets/Materials/White.uasset" 666
"C:/Users/mihai/Documents/Unreal Projects/CATAN/Content/Assets/Materials/White.uexp" 667
"C:/Users/mihai/Documents/Unreal Projects/CATAN/Content/Assets/NumberTiles/abseNumberTile.uasset" 668
"C:/Users/mihai/Documents/Unreal Projects/CATAN/Content/Assets/NumberTiles/abseNumberTile.uexp" 669
"C:/Users/mihai/Documents/Unreal Projects/CATAN/Content/Blueprints/NumberTiles/BP_BaseNumberTile.uasset" 670
"C:/Users/mihai/Documents/Unreal Projects/CATAN/Content/Blueprints/NumberTiles/BP_BaseNumberTile.uexp" 671
"C:/Users/mihai/Documents/Unreal Projects/CATAN/Content/Assets/NumberTiles/5.uasset" 672
"C:/Users/mihai/Documents/Unreal Projects/CATAN/Content/Assets/NumberTiles/5.uexp" 673
"C:/Users/mihai/Documents/Unreal Projects/CATAN/Content/Assets/Materials/Black.uasset" 674
"C:/Users/mihai/Documents/Unreal Projects/CATAN/Content/Assets/Materials/Black.uexp" 675
"C:/Users/mihai/Documents/Unreal Projects/CATAN/Content/Blueprints/NumberTiles/BP_5NumT.uasset" 676
"C:/Users/mihai/Documents/Unreal Projects/CATAN/Content/Blueprints/NumberTiles/BP_5NumT.uexp" 677
"C:/Users/mihai/Documents/Unreal Projects/CATAN/Content/Assets/Materials/Wood/MONKEY.uasset" 678
"C:/Users/mihai/Documents/Unreal Projects/CATAN/Content/Assets/Materials/Wood/MONKEY.uexp" 679
"C:/Users/mihai/Documents/Unreal Projects/CATAN/Content/Assets/Polys/monkeyDoesntWearAnyPants.uasset" 680
"C:/Users/mihai/Documents/Unreal Projects/CATAN/Content/Assets/Polys/monkeyDoesntWearAnyPants.uexp" 681
"C:/Users/mihai/Documents/Unreal Projects/CATAN/Content/Blueprints/Thief/BP_MONKEY.uasset" 682
"C:/Users/mihai/Documents/Unreal Projects/CATAN/Content/Blueprints/Thief/BP_MONKEY.uexp" 683
"C:/Users/mihai/Documents/Unreal Projects/CATAN/Content/Assets/HexTiles/baseHex.uasset" 684
"C:/Users/mihai/Documents/Unreal Projects/CATAN/Content/Assets/HexTiles/baseHex.uexp" 685
"C:/Users/mihai/Documents/Unreal Projects/CATAN/Content/Blueprints/HexTiles/BP_BaseHex.uasset" 686
"C:/Users/mihai/Documents/Unreal Projects/CATAN/Content/Blueprints/HexTiles/BP_BaseHex.uexp" 687
"C:/Users/mihai/Documents/Unreal Projects/CATAN/Content/Assets/Materials/Cacti.uasset" 688
"C:/Users/mihai/Documents/Unreal Projects/CATAN/Content/Assets/Materials/Cacti.uexp" 689
"C:/Users/mihai/Documents/Unreal Projects/CATAN/Content/Assets/HexTiles/desertTile.uasset" 690
"C:/Users/mihai/Documents/Unreal Projects/CATAN/Content/Assets/HexTiles/desertTile.uexp" 691
"C:/Users/mihai/Documents/Unreal Projects/CATAN/Content/Assets/Materials/Sand.uasset" 692
"C:/Users/mihai/Documents/Unreal Projects/CATAN/Content/Assets/Materials/Sand.uexp" 693
"C:/Users/mihai/Documents/Unreal Projects/CATAN/Content/Blueprints/HexTiles/BP_Hex_Desert.uasset" 694
"C:/Users/mihai/Documents/Unreal Projects/CATAN/Content/Blueprints/HexTiles/BP_Hex_Desert.uexp" 695
"C:/Users/mihai/Documents/Unreal Projects/CATAN/Content/Assets/NumberTiles/2.uasset" 696
"C:/Users/mihai/Documents/Unreal Projects/CATAN/Content/Assets/NumberTiles/2.uexp" 697
"C:/Users/mihai/Documents/Unreal Projects/CATAN/Content/Blueprints/NumberTiles/BP_2NumT.uasset" 698
"C:/Users/mihai/Documents/Unreal Projects/CATAN/Content/Blueprints/NumberTiles/BP_2NumT.uexp" 699
"C:/Users/mihai/Documents/Unreal Projects/CATAN/Content/Assets/NumberTiles/11.uasset" 700
"C:/Users/mihai/Documents/Unreal Projects/CATAN/Content/Assets/NumberTiles/11.uexp" 701
"C:/Users/mihai/Documents/Unreal Projects/CATAN/Content/Blueprints/NumberTiles/BP_11NumT.uasset" 702
"C:/Users/mihai/Documents/Unreal Projects/CATAN/Content/Blueprints/NumberTiles/BP_11NumT.uexp" 703
"C:/Users/mihai/Documents/Unreal Projects/CATAN/Content/Assets/Materials/forestBase.uasset" 704
"C:/Users/mihai/Documents/Unreal Projects/CATAN/Content/Assets/Materials/forestBase.uexp" 705
"C:/Users/mihai/Documents/Unreal Projects/CATAN/Content/Assets/Materials/trees.uasset" 706
"C:/Users/mihai/Documents/Unreal Projects/CATAN/Content/Assets/Materials/trees.uexp" 707
"C:/Users/mihai/Documents/Unreal Projects/CATAN/Content/Assets/Materials/Wood/dark.uasset" 708
"C:/Users/mihai/Documents/Unreal Projects/CATAN/Content/Assets/Materials/Wood/dark.uexp" 709
"C:/Users/mihai/Documents/Unreal Projects/CATAN/Content/Assets/Materials/blue.uasset" 710
"C:/Users/mihai/Documents/Unreal Projects/CATAN/Content/Assets/Materials/blue.uexp" 711
"C:/Users/mihai/Documents/Unreal Projects/CATAN/Content/Assets/Materials/Wood/wood.uasset" 712
"C:/Users/mihai/Documents/Unreal Projects/CATAN/Content/Assets/Materials/Wood/wood.uexp" 713
"C:/Users/mihai/Documents/Unreal Projects/CATAN/Content/Assets/Materials/Wood/wood_light.uasset" 714
"C:/Users/mihai/Documents/Unreal Projects/CATAN/Content/Assets/Materials/Wood/wood_light.uexp" 715
"C:/Users/mihai/Documents/Unreal Projects/CATAN/Content/Assets/Materials/Wood/wood2.uasset" 716
"C:/Users/mihai/Documents/Unreal Projects/CATAN/Content/Assets/Materials/Wood/wood2.uexp" 717
"C:/Users/mihai/Documents/Unreal Projects/CATAN/Content/Assets/Materials/Wood/wood3.uasset" 718
"C:/Users/mihai/Documents/Unreal Projects/CATAN/Content/Assets/Materials/Wood/wood3.uexp" 719
"C:/Users/mihai/Documents/Unreal Projects/CATAN/Content/Assets/HexTiles/forestTile.ubulk" 720
"C:/Users/mihai/Documents/Unreal Projects/CATAN/Content/Assets/HexTiles/forestTile.uasset" 721
"C:/Users/mihai/Documents/Unreal Projects/CATAN/Content/Assets/HexTiles/forestTile.uexp" 722
"C:/Users/mihai/Documents/Unreal Projects/CATAN/Content/Blueprints/HexTiles/BP_Hex_Forrest.uasset" 723
"C:/Users/mihai/Documents/Unreal Projects/CATAN/Content/Blueprints/HexTiles/BP_Hex_Forrest.uexp" 724
"C:/Users/mihai/Documents/Unreal Projects/CATAN/Content/Assets/Materials/Wood/woodPen.uasset" 725
"C:/Users/mihai/Documents/Unreal Projects/CATAN/Content/Assets/Materials/Wood/woodPen.uexp" 726
"C:/Users/mihai/Documents/Unreal Projects/CATAN/Content/Assets/Materials/sheep.uasset" 727
"C:/Users/mihai/Documents/Unreal Projects/CATAN/Content/Assets/Materials/sheep.uexp" 728
"C:/Users/mihai/Documents/Unreal Projects/CATAN/Content/Assets/HexTiles/sheepTile.uasset" 729
"C:/Users/mihai/Documents/Unreal Projects/CATAN/Content/Assets/HexTiles/sheepTile.uexp" 730
"C:/Users/mihai/Documents/Unreal Projects/CATAN/Content/Assets/Materials/BaseGrass.uasset" 731
"C:/Users/mihai/Documents/Unreal Projects/CATAN/Content/Assets/Materials/BaseGrass.uexp" 732
"C:/Users/mihai/Documents/Unreal Projects/CATAN/Content/Blueprints/HexTiles/BP_Hex_Pasture.uasset" 733
"C:/Users/mihai/Documents/Unreal Projects/CATAN/Content/Blueprints/HexTiles/BP_Hex_Pasture.uexp" 734
"C:/Users/mihai/Documents/Unreal Projects/CATAN/Content/Assets/Materials/BaseClay.uasset" 735
"C:/Users/mihai/Documents/Unreal Projects/CATAN/Content/Assets/Materials/BaseClay.uexp" 736
"C:/Users/mihai/Documents/Unreal Projects/CATAN/Content/Assets/HexTiles/clayTile.uasset" 737
"C:/Users/mihai/Documents/Unreal Projects/CATAN/Content/Assets/HexTiles/clayTile.uexp" 738
"C:/Users/mihai/Documents/Unreal Projects/CATAN/Content/Assets/Materials/BaseClayTile.uasset" 739
"C:/Users/mihai/Documents/Unreal Projects/CATAN/Content/Assets/Materials/BaseClayTile.uexp" 740
"C:/Users/mihai/Documents/Unreal Projects/CATAN/Content/Blueprints/HexTiles/BP_Hex_Clay.uasset" 741
"C:/Users/mihai/Documents/Unreal Projects/CATAN/Content/Blueprints/HexTiles/BP_Hex_Clay.uexp" 742
"C:/Users/mihai/Documents/Unreal Projects/CATAN/Content/Assets/Materials/Barn_None_color.ubulk" 743
"C:/Users/mihai/Documents/Unreal Projects/CATAN/Content/Assets/Materials/Barn_None_color.uasset" 744
"C:/Users/mihai/Documents/Unreal Projects/CATAN/Content/Assets/Materials/Barn_None_color.uexp" 745
"C:/Users/mihai/Documents/Unreal Projects/CATAN/Content/Assets/Materials/Material_004.uasset" 746
"C:/Users/mihai/Documents/Unreal Projects/CATAN/Content/Assets/Materials/Material_004.uexp" 747
"C:/Users/mihai/Documents/Unreal Projects/CATAN/Content/Assets/Materials/Color.ubulk" 748
"C:/Users/mihai/Documents/Unreal Projects/CATAN/Content/Assets/Materials/Color.uasset" 749
"C:/Users/mihai/Documents/Unreal Projects/CATAN/Content/Assets/Materials/Color.uexp" 750
"C:/Users/mihai/Documents/Unreal Projects/CATAN/Content/Assets/Materials/Material_002.uasset" 751
"C:/Users/mihai/Documents/Unreal Projects/CATAN/Content/Assets/Materials/Material_002.uexp" 752
"C:/Users/mihai/Documents/Unreal Projects/CATAN/Content/Assets/Materials/grain.uasset" 753
"C:/Users/mihai/Documents/Unreal Projects/CATAN/Content/Assets/Materials/grain.uexp" 754
"C:/Users/mihai/Documents/Unreal Projects/CATAN/Content/Assets/HexTiles/fieldTile.ubulk" 755
"C:/Users/mihai/Documents/Unreal Projects/CATAN/Content/Assets/HexTiles/fieldTile.uasset" 756
"C:/Users/mihai/Documents/Unreal Projects/CATAN/Content/Assets/HexTiles/fieldTile.uexp" 757
"C:/Users/mihai/Documents/Unreal Projects/CATAN/Content/Assets/Materials/wheatBase.uasset" 758
"C:/Users/mihai/Documents/Unreal Projects/CATAN/Content/Assets/Materials/wheatBase.uexp" 759
"C:/Users/mihai/Documents/Unreal Projects/CATAN/Content/Blueprints/HexTiles/BP_Hex_Field.uasset" 760
"C:/Users/mihai/Documents/Unreal Projects/CATAN/Content/Blueprints/HexTiles/BP_Hex_Field.uexp" 761
"C:/Users/mihai/Documents/Unreal Projects/CATAN/Content/Assets/NumberTiles/4.uasset" 762
"C:/Users/mihai/Documents/Unreal Projects/CATAN/Content/Assets/NumberTiles/4.uexp" 763
"C:/Users/mihai/Documents/Unreal Projects/CATAN/Content/Blueprints/NumberTiles/BP_4NumT.uasset" 764
"C:/Users/mihai/Documents/Unreal Projects/CATAN/Content/Blueprints/NumberTiles/BP_4NumT.uexp" 765
"C:/Users/mihai/Documents/Unreal Projects/CATAN/Content/Assets/Materials/rock.uasset" 766
"C:/Users/mihai/Documents/Unreal Projects/CATAN/Content/Assets/Materials/rock.uexp" 767
"C:/Users/mihai/Documents/Unreal Projects/CATAN/Content/Assets/Materials/gold_001.uasset" 768
"C:/Users/mihai/Documents/Unreal Projects/CATAN/Content/Assets/Materials/gold_001.uexp" 769
"C:/Users/mihai/Documents/Unreal Projects/CATAN/Content/Assets/Materials/Wood/Wood_001.uasset" 770
"C:/Users/mihai/Documents/Unreal Projects/CATAN/Content/Assets/Materials/Wood/Wood_001.uexp" 771
"C:/Users/mihai/Documents/Unreal Projects/CATAN/Content/Assets/Materials/Metal_001.uasset" 772
"C:/Users/mihai/Documents/Unreal Projects/CATAN/Content/Assets/Materials/Metal_001.uexp" 773
"C:/Users/mihai/Documents/Unreal Projects/CATAN/Content/Assets/HexTiles/mineTile.uasset" 774
"C:/Users/mihai/Documents/Unreal Projects/CATAN/Content/Assets/HexTiles/mineTile.uexp" 775
"C:/Users/mihai/Documents/Unreal Projects/CATAN/Content/Blueprints/HexTiles/BP_Hex_Mountain.uasset" 776
"C:/Users/mihai/Documents/Unreal Projects/CATAN/Content/Blueprints/HexTiles/BP_Hex_Mountain.uexp" 777
"C:/Users/mihai/Documents/Unreal Projects/CATAN/Content/Assets/NumberTiles/8.uasset" 778
"C:/Users/mihai/Documents/Unreal Projects/CATAN/Content/Assets/NumberTiles/8.uexp" 779
"C:/Users/mihai/Documents/Unreal Projects/CATAN/Content/Blueprints/NumberTiles/BP_8NumT.uasset" 780
"C:/Users/mihai/Documents/Unreal Projects/CATAN/Content/Blueprints/NumberTiles/BP_8NumT.uexp" 781
"C:/Users/mihai/Documents/Unreal Projects/CATAN/Content/Assets/NumberTiles/9.uasset" 782
"C:/Users/mihai/Documents/Unreal Projects/CATAN/Content/Assets/NumberTiles/9.uexp" 783
"C:/Users/mihai/Documents/Unreal Projects/CATAN/Content/Blueprints/NumberTiles/BP_9NumT.uasset" 784
"C:/Users/mihai/Documents/Unreal Projects/CATAN/Content/Blueprints/NumberTiles/BP_9NumT.uexp" 785
"C:/Users/mihai/Documents/Unreal Projects/CATAN/Content/Assets/NumberTiles/12.uasset" 786
"C:/Users/mihai/Documents/Unreal Projects/CATAN/Content/Assets/NumberTiles/12.uexp" 787
"C:/Users/mihai/Documents/Unreal Projects/CATAN/Content/Blueprints/NumberTiles/BP_12NumT.uasset" 788
"C:/Users/mihai/Documents/Unreal Projects/CATAN/Content/Blueprints/NumberTiles/BP_12NumT.uexp" 789
"C:/Users/mihai/Documents/Unreal Projects/CATAN/Content/Assets/NumberTiles/10.uasset" 790
"C:/Users/mihai/Documents/Unreal Projects/CATAN/Content/Assets/NumberTiles/10.uexp" 791
"C:/Users/mihai/Documents/Unreal Projects/CATAN/Content/Blueprints/NumberTiles/BP_10NumT.uasset" 792
"C:/Users/mihai/Documents/Unreal Projects/CATAN/Content/Blueprints/NumberTiles/BP_10NumT.uexp" 793
"C:/Users/mihai/Documents/Unreal Projects/CATAN/Content/Assets/NumberTiles/3.uasset" 794
"C:/Users/mihai/Documents/Unreal Projects/CATAN/Content/Assets/NumberTiles/3.uexp" 795
"C:/Users/mihai/Documents/Unreal Projects/CATAN/Content/Blueprints/NumberTiles/BP_3NumT.uasset" 796
"C:/Users/mihai/Documents/Unreal Projects/CATAN/Content/Blueprints/NumberTiles/BP_3NumT.uexp" 797
"C:/Users/mihai/Documents/Unreal Projects/CATAN/Content/Assets/NumberTiles/6.uasset" 798
"C:/Users/mihai/Documents/Unreal Projects/CATAN/Content/Assets/NumberTiles/6.uexp" 799
"C:/Users/mihai/Documents/Unreal Projects/CATAN/Content/Blueprints/NumberTiles/BP_6NumT.uasset" 800
"C:/Users/mihai/Documents/Unreal Projects/CATAN/Content/Blueprints/NumberTiles/BP_6NumT.uexp" 801
"C:/Users/mihai/Documents/Unreal Projects/CATAN/Content/Blueprints/Managers/BP_HexSpawner.uasset" 802
"C:/Users/mihai/Documents/Unreal Projects/CATAN/Content/Blueprints/Managers/BP_HexSpawner.uexp" 803
"C:/Users/mihai/Documents/Unreal Projects/CATAN/Content/Assets/Materials/Scene_-_Root_normal.ubulk" 804
"C:/Users/mihai/Documents/Unreal Projects/CATAN/Content/Assets/Materials/Scene_-_Root_normal.uasset" 805
"C:/Users/mihai/Documents/Unreal Projects/CATAN/Content/Assets/Materials/Scene_-_Root_normal.uexp" 806
"C:/Users/mihai/Documents/Unreal Projects/CATAN/Content/Assets/Materials/Scene_-_Root_baseColor.ubulk" 807
"C:/Users/mihai/Documents/Unreal Projects/CATAN/Content/Assets/Materials/Scene_-_Root_baseColor.uasset" 808
"C:/Users/mihai/Documents/Unreal Projects/CATAN/Content/Assets/Materials/Scene_-_Root_baseColor.uexp" 809
"C:/Users/mihai/Documents/Unreal Projects/CATAN/Content/Assets/Materials/Scene_-_Root.uasset" 810
"C:/Users/mihai/Documents/Unreal Projects/CATAN/Content/Assets/Materials/Scene_-_Root.uexp" 811
"C:/Users/mihai/Documents/Unreal Projects/CATAN/Content/Assets/Polys/untitled.uasset" 812
"C:/Users/mihai/Documents/Unreal Projects/CATAN/Content/Assets/Polys/untitled.uexp" 813
"C:/Users/mihai/Documents/Unreal Projects/CATAN/Content/Assets/HUD/Sign.uasset" 814
"C:/Users/mihai/Documents/Unreal Projects/CATAN/Content/Assets/HUD/Sign.uexp" 815
"C:/Users/mihai/Documents/Unreal Projects/CATAN/Content/UserInterface/Notification_HUD.uasset" 816
"C:/Users/mihai/Documents/Unreal Projects/CATAN/Content/UserInterface/Notification_HUD.uexp" 817
"C:/Users/mihai/Documents/Unreal Projects/CATAN/Content/Assets/HUD/Asset_36.uasset" 818
"C:/Users/mihai/Documents/Unreal Projects/CATAN/Content/Assets/HUD/Asset_36.uexp" 819
"C:/Users/mihai/Documents/Unreal Projects/CATAN/Content/Assets/HUD/Asset_37.uasset" 820
"C:/Users/mihai/Documents/Unreal Projects/CATAN/Content/Assets/HUD/Asset_37.uexp" 821
"C:/Users/mihai/Documents/Unreal Projects/CATAN/Content/UserInterface/ShipTrade_HUD.uasset" 822
"C:/Users/mihai/Documents/Unreal Projects/CATAN/Content/UserInterface/ShipTrade_HUD.uexp" 823
"C:/Users/mihai/Documents/Unreal Projects/CATAN/Content/Blueprints/HexTiles/BP_Hex_Trade.uasset" 824
"C:/Users/mihai/Documents/Unreal Projects/CATAN/Content/Blueprints/HexTiles/BP_Hex_Trade.uexp" 825
"C:/Users/mihai/Documents/Unreal Projects/CATAN/Content/Assets/Materials/Player/player_1.uasset" 826
"C:/Users/mihai/Documents/Unreal Projects/CATAN/Content/Assets/Materials/Player/player_1.uexp" 827
"C:/Users/mihai/Documents/Unreal Projects/CATAN/Content/Assets/Materials/dirt.uasset" 828
"C:/Users/mihai/Documents/Unreal Projects/CATAN/Content/Assets/Materials/dirt.uexp" 829
"C:/Users/mihai/Documents/Unreal Projects/CATAN/Content/Assets/Polys/roadBase.uasset" 830
"C:/Users/mihai/Documents/Unreal Projects/CATAN/Content/Assets/Polys/roadBase.uexp" 831
"C:/Users/mihai/Documents/Unreal Projects/CATAN/Content/Blueprints/Buildables/Roads/BP_RoadPlayer_1.uasset" 832
"C:/Users/mihai/Documents/Unreal Projects/CATAN/Content/Blueprints/Buildables/Roads/BP_RoadPlayer_1.uexp" 833
"C:/Users/mihai/Documents/Unreal Projects/CATAN/Content/Assets/Materials/Player/player_2.uasset" 834
"C:/Users/mihai/Documents/Unreal Projects/CATAN/Content/Assets/Materials/Player/player_2.uexp" 835
"C:/Users/mihai/Documents/Unreal Projects/CATAN/Content/Blueprints/Buildables/Roads/BP_RoadPlayer_2.uasset" 836
"C:/Users/mihai/Documents/Unreal Projects/CATAN/Content/Blueprints/Buildables/Roads/BP_RoadPlayer_2.uexp" 837
"C:/Users/mihai/Documents/Unreal Projects/CATAN/Content/Assets/Materials/Player/player_3.uasset" 838
"C:/Users/mihai/Documents/Unreal Projects/CATAN/Content/Assets/Materials/Player/player_3.uexp" 839
"C:/Users/mihai/Documents/Unreal Projects/CATAN/Content/Blueprints/Buildables/Roads/BP_RoadPlayer_3.uasset" 840
"C:/Users/mihai/Documents/Unreal Projects/CATAN/Content/Blueprints/Buildables/Roads/BP_RoadPlayer_3.uexp" 841
"C:/Users/mihai/Documents/Unreal Projects/CATAN/Content/Assets/Materials/Player/player_4.uasset" 842
"C:/Users/mihai/Documents/Unreal Projects/CATAN/Content/Assets/Materials/Player/player_4.uexp" 843
"C:/Users/mihai/Documents/Unreal Projects/CATAN/Content/Blueprints/Buildables/Roads/BP_RoadPlayer_4.uasset" 844
"C:/Users/mihai/Documents/Unreal Projects/CATAN/Content/Blueprints/Buildables/Roads/BP_RoadPlayer_4.uexp" 845
"C:/Users/mihai/Documents/Unreal Projects/CATAN/Content/Blueprints/Buildables/BP_Road.uasset" 846
"C:/Users/mihai/Documents/Unreal Projects/CATAN/Content/Blueprints/Buildables/BP_Road.uexp" 847
"C:/Users/mihai/Documents/Unreal Projects/CATAN/Content/Assets/HUD/Birck.uasset" 848
"C:/Users/mihai/Documents/Unreal Projects/CATAN/Content/Assets/HUD/Birck.uexp" 849
"C:/Users/mihai/Documents/Unreal Projects/CATAN/Content/Assets/HUD/Ore.uasset" 850
"C:/Users/mihai/Documents/Unreal Projects/CATAN/Content/Assets/HUD/Ore.uexp" 851
"C:/Users/mihai/Documents/Unreal Projects/CATAN/Content/Assets/HUD/Wool.uasset" 852
"C:/Users/mihai/Documents/Unreal Projects/CATAN/Content/Assets/HUD/Wool.uexp" 853
"C:/Users/mihai/Documents/Unreal Projects/CATAN/Content/Assets/HUD/Wheat.uasset" 854
"C:/Users/mihai/Documents/Unreal Projects/CATAN/Content/Assets/HUD/Wheat.uexp" 855
"C:/Users/mihai/Documents/Unreal Projects/CATAN/Content/Assets/HUD/Wood.uasset" 856
"C:/Users/mihai/Documents/Unreal Projects/CATAN/Content/Assets/HUD/Wood.uexp" 857
"C:/Users/mihai/Documents/Unreal Projects/CATAN/Content/UserInterface/YearOfPlenty_HUD.uasset" 858
"C:/Users/mihai/Documents/Unreal Projects/CATAN/Content/UserInterface/YearOfPlenty_HUD.uexp" 859
"C:/Users/mihai/Documents/Unreal Projects/CATAN/Content/Assets/HUD/Banner_1.uasset" 860
"C:/Users/mihai/Documents/Unreal Projects/CATAN/Content/Assets/HUD/Banner_1.uexp" 861
"C:/Users/mihai/Documents/Unreal Projects/CATAN/Content/Assets/HUD/Asset_34.uasset" 862
"C:/Users/mihai/Documents/Unreal Projects/CATAN/Content/Assets/HUD/Asset_34.uexp" 863
"C:/Users/mihai/Documents/Unreal Projects/CATAN/Content/Assets/HUD/Asset_35.uasset" 864
"C:/Users/mihai/Documents/Unreal Projects/CATAN/Content/Assets/HUD/Asset_35.uexp" 865
"C:/Users/mihai/Documents/Unreal Projects/CATAN/Content/Assets/HUD/Asset_38.uasset" 866
"C:/Users/mihai/Documents/Unreal Projects/CATAN/Content/Assets/HUD/Asset_38.uexp" 867
"C:/Users/mihai/Documents/Unreal Projects/CATAN/Content/UserInterface/Settings_HUD.uasset" 868
"C:/Users/mihai/Documents/Unreal Projects/CATAN/Content/UserInterface/Settings_HUD.uexp" 869
"C:/Users/mihai/Documents/Unreal Projects/CATAN/Content/UserInterface/PauseGame_HUD.uasset" 870
"C:/Users/mihai/Documents/Unreal Projects/CATAN/Content/UserInterface/PauseGame_HUD.uexp" 871
"C:/Users/mihai/Documents/Unreal Projects/CATAN/Content/Blueprints/Managers/BP_GameManager.uasset" 872
"C:/Users/mihai/Documents/Unreal Projects/CATAN/Content/Blueprints/Managers/BP_GameManager.uexp" 873
"C:/Users/mihai/Documents/Unreal Projects/CATAN/Content/Assets/HUD/sadasdasdas.uasset" 874
"C:/Users/mihai/Documents/Unreal Projects/CATAN/Content/Assets/HUD/sadasdasdas.uexp" 875
"C:/Users/mihai/Documents/Unreal Projects/CATAN/Content/Assets/HUD/dsadasd.uasset" 876
"C:/Users/mihai/Documents/Unreal Projects/CATAN/Content/Assets/HUD/dsadasd.uexp" 877
"C:/Users/mihai/Documents/Unreal Projects/CATAN/Content/Assets/HUD/dsadasdasd.uasset" 878
"C:/Users/mihai/Documents/Unreal Projects/CATAN/Content/Assets/HUD/dsadasdasd.uexp" 879
"C:/Users/mihai/Documents/Unreal Projects/CATAN/Content/UserInterface/Trading_HUD.uasset" 880
"C:/Users/mihai/Documents/Unreal Projects/CATAN/Content/UserInterface/Trading_HUD.uexp" 881
"C:/Users/mihai/Documents/Unreal Projects/CATAN/Content/UserInterface/MonopolyHUD.uasset" 882
"C:/Users/mihai/Documents/Unreal Projects/CATAN/Content/UserInterface/MonopolyHUD.uexp" 883
"C:/Users/mihai/Documents/Unreal Projects/CATAN/Content/Assets/HUD/asdadas.uasset" 884
"C:/Users/mihai/Documents/Unreal Projects/CATAN/Content/Assets/HUD/asdadas.uexp" 885
"C:/Users/mihai/Documents/Unreal Projects/CATAN/Content/Assets/HUD/Banner_2.uasset" 886
"C:/Users/mihai/Documents/Unreal Projects/CATAN/Content/Assets/HUD/Banner_2.uexp" 887
"C:/Users/mihai/Documents/Unreal Projects/CATAN/Content/Assets/HUD/Banner_3.uasset" 888
"C:/Users/mihai/Documents/Unreal Projects/CATAN/Content/Assets/HUD/Banner_3.uexp" 889
"C:/Users/mihai/Documents/Unreal Projects/CATAN/Content/Assets/HUD/Asset_16.uasset" 890
"C:/Users/mihai/Documents/Unreal Projects/CATAN/Content/Assets/HUD/Asset_16.uexp" 891
"C:/Users/mihai/Documents/Unreal Projects/CATAN/Content/Assets/HUD/image.uasset" 892
"C:/Users/mihai/Documents/Unreal Projects/CATAN/Content/Assets/HUD/image.uexp" 893
"C:/Users/mihai/Documents/Unreal Projects/CATAN/Content/UserInterface/Catan_HUD.uasset" 894
"C:/Users/mihai/Documents/Unreal Projects/CATAN/Content/UserInterface/Catan_HUD.uexp" 895
"C:/Users/mihai/Documents/Unreal Projects/CATAN/Content/Assets/HUD/Asset_18.uasset" 896
"C:/Users/mihai/Documents/Unreal Projects/CATAN/Content/Assets/HUD/Asset_18.uexp" 897
"C:/Users/mihai/Documents/Unreal Projects/CATAN/Content/UserInterface/Credits_HUD.uasset" 898
"C:/Users/mihai/Documents/Unreal Projects/CATAN/Content/UserInterface/Credits_HUD.uexp" 899
"C:/Users/mihai/Documents/Unreal Projects/CATAN/Content/Assets/HUD/Catan.uasset" 900
"C:/Users/mihai/Documents/Unreal Projects/CATAN/Content/Assets/HUD/Catan.uexp" 901
"C:/Users/mihai/Documents/Unreal Projects/CATAN/Content/UserInterface/MainMenu_HUD.uasset" 902
"C:/Users/mihai/Documents/Unreal Projects/CATAN/Content/UserInterface/MainMenu_HUD.uexp" 903
"C:/Users/mihai/Documents/Unreal Projects/CATAN/Content/Blueprints/GameMode/BP_PlayerController.uasset" 904
"C:/Users/mihai/Documents/Unreal Projects/CATAN/Content/Blueprints/GameMode/BP_PlayerController.uexp" 905
"C:/Users/mihai/Documents/Unreal Projects/CATAN/Content/UserInterface/GameOver_HUD.uasset" 906
"C:/Users/mihai/Documents/Unreal Projects/CATAN/Content/UserInterface/GameOver_HUD.uexp" 907
"C:/Users/mihai/Documents/Unreal Projects/CATAN/Content/Blueprints/GameMode/Inputs/IA_FPress.uasset" 908
"C:/Users/mihai/Documents/Unreal Projects/CATAN/Content/Blueprints/GameMode/Inputs/IA_FPress.uexp" 909
"C:/Users/mihai/Documents/Unreal Projects/CATAN/Content/Blueprints/GameMode/Inputs/IA_HorisontalMouse.uasset" 910
"C:/Users/mihai/Documents/Unreal Projects/CATAN/Content/Blueprints/GameMode/Inputs/IA_HorisontalMouse.uexp" 911
"C:/Users/mihai/Documents/Unreal Projects/CATAN/Content/Blueprints/GameMode/Inputs/Inputs.uasset" 912
"C:/Users/mihai/Documents/Unreal Projects/CATAN/Content/Blueprints/GameMode/Inputs/Inputs.uexp" 913
"../../../Engine/Content/EditorBlueprintResources/StandardMacros.uasset" 914
"../../../Engine/Content/EditorBlueprintResources/StandardMacros.uexp" 915
"C:/Users/mihai/Documents/Unreal Projects/CATAN/Content/Blueprints/GameMode/BP_CameraPawn.uasset" 916
"C:/Users/mihai/Documents/Unreal Projects/CATAN/Content/Blueprints/GameMode/BP_CameraPawn.uexp" 917
"C:/Users/mihai/Documents/Unreal Projects/CATAN/Content/Blueprints/GameMode/BP_GameMode.uasset" 918
"C:/Users/mihai/Documents/Unreal Projects/CATAN/Content/Blueprints/GameMode/BP_GameMode.uexp" 919
"C:/Users/mihai/Documents/Unreal Projects/CATAN/Content/Blueprints/HexTiles/BP_Hex_Sea.uasset" 920
"C:/Users/mihai/Documents/Unreal Projects/CATAN/Content/Blueprints/HexTiles/BP_Hex_Sea.uexp" 921
"C:/Users/mihai/Documents/Unreal Projects/CATAN/Content/Assets/Polys/settlementBase.uasset" 922
"C:/Users/mihai/Documents/Unreal Projects/CATAN/Content/Assets/Polys/settlementBase.uexp" 923
"C:/Users/mihai/Documents/Unreal Projects/CATAN/Content/Assets/Materials/Material_007.uasset" 924
"C:/Users/mihai/Documents/Unreal Projects/CATAN/Content/Assets/Materials/Material_007.uexp" 925
"C:/Users/mihai/Documents/Unreal Projects/CATAN/Content/Assets/Materials/Wood/Window.uasset" 926
"C:/Users/mihai/Documents/Unreal Projects/CATAN/Content/Assets/Materials/Wood/Window.uexp" 927
"C:/Users/mihai/Documents/Unreal Projects/CATAN/Content/Assets/Materials/Material_015.uasset" 928
"C:/Users/mihai/Documents/Unreal Projects/CATAN/Content/Assets/Materials/Material_015.uexp" 929
"C:/Users/mihai/Documents/Unreal Projects/CATAN/Content/Assets/Materials/Wood/Material_001.uasset" 930
"C:/Users/mihai/Documents/Unreal Projects/CATAN/Content/Assets/Materials/Wood/Material_001.uexp" 931
"C:/Users/mihai/Documents/Unreal Projects/CATAN/Content/Assets/Materials/Wood/Material_009.uasset" 932
"C:/Users/mihai/Documents/Unreal Projects/CATAN/Content/Assets/Materials/Wood/Material_009.uexp" 933
"C:/Users/mihai/Documents/Unreal Projects/CATAN/Content/Assets/Materials/Wood/Writing.uasset" 934
"C:/Users/mihai/Documents/Unreal Projects/CATAN/Content/Assets/Materials/Wood/Writing.uexp" 935
"C:/Users/mihai/Documents/Unreal Projects/CATAN/Content/Assets/Materials/Wood/Material_014.uasset" 936
"C:/Users/mihai/Documents/Unreal Projects/CATAN/Content/Assets/Materials/Wood/Material_014.uexp" 937
"C:/Users/mihai/Documents/Unreal Projects/CATAN/Content/Assets/Materials/light.uasset" 938
"C:/Users/mihai/Documents/Unreal Projects/CATAN/Content/Assets/Materials/light.uexp" 939
"C:/Users/mihai/Documents/Unreal Projects/CATAN/Content/Assets/Materials/Metal_2.uasset" 940
"C:/Users/mihai/Documents/Unreal Projects/CATAN/Content/Assets/Materials/Metal_2.uexp" 941
"C:/Users/mihai/Documents/Unreal Projects/CATAN/Content/Assets/Materials/gold.uasset" 942
"C:/Users/mihai/Documents/Unreal Projects/CATAN/Content/Assets/Materials/gold.uexp" 943
"C:/Users/mihai/Documents/Unreal Projects/CATAN/Content/Assets/Materials/Material_008.uasset" 944
"C:/Users/mihai/Documents/Unreal Projects/CATAN/Content/Assets/Materials/Material_008.uexp" 945
"C:/Users/mihai/Documents/Unreal Projects/CATAN/Content/Assets/Materials/Material_011.uasset" 946
"C:/Users/mihai/Documents/Unreal Projects/CATAN/Content/Assets/Materials/Material_011.uexp" 947
"C:/Users/mihai/Documents/Unreal Projects/CATAN/Content/Assets/Materials/Material_005.uasset" 948
"C:/Users/mihai/Documents/Unreal Projects/CATAN/Content/Assets/Materials/Material_005.uexp" 949
"C:/Users/mihai/Documents/Unreal Projects/CATAN/Content/Assets/Materials/Wood/WoodBeams.uasset" 950
"C:/Users/mihai/Documents/Unreal Projects/CATAN/Content/Assets/Materials/Wood/WoodBeams.uexp" 951
"C:/Users/mihai/Documents/Unreal Projects/CATAN/Content/Assets/Materials/Wood/MoreWood.uasset" 952
"C:/Users/mihai/Documents/Unreal Projects/CATAN/Content/Assets/Materials/Wood/MoreWood.uexp" 953
"C:/Users/mihai/Documents/Unreal Projects/CATAN/Content/Assets/Polys/city.uasset" 954
"C:/Users/mihai/Documents/Unreal Projects/CATAN/Content/Assets/Polys/city.uexp" 955
"C:/Users/mihai/Documents/Unreal Projects/CATAN/Content/Blueprints/Buildables/Cities/BP_CityPlayer_1.uasset" 956
"C:/Users/mihai/Documents/Unreal Projects/CATAN/Content/Blueprints/Buildables/Cities/BP_CityPlayer_1.uexp" 957
"C:/Users/mihai/Documents/Unreal Projects/CATAN/Content/Blueprints/Buildables/Cities/BP_CityPlayer_2.uasset" 958
"C:/Users/mihai/Documents/Unreal Projects/CATAN/Content/Blueprints/Buildables/Cities/BP_CityPlayer_2.uexp" 959
"C:/Users/mihai/Documents/Unreal Projects/CATAN/Content/Blueprints/Buildables/Cities/BP_CityPlayer_3.uasset" 960
"C:/Users/mihai/Documents/Unreal Projects/CATAN/Content/Blueprints/Buildables/Cities/BP_CityPlayer_3.uexp" 961
"C:/Users/mihai/Documents/Unreal Projects/CATAN/Content/Blueprints/Buildables/Cities/BP_CityPlayer_4.uasset" 962
"C:/Users/mihai/Documents/Unreal Projects/CATAN/Content/Blueprints/Buildables/Cities/BP_CityPlayer_4.uexp" 963
"C:/Users/mihai/Documents/Unreal Projects/CATAN/Content/Assets/Polys/house.uasset" 964
"C:/Users/mihai/Documents/Unreal Projects/CATAN/Content/Assets/Polys/house.uexp" 965
"C:/Users/mihai/Documents/Unreal Projects/CATAN/Content/Blueprints/Buildables/Settlements/BP_SettlementPlayer_1.uasset" 966
"C:/Users/mihai/Documents/Unreal Projects/CATAN/Content/Blueprints/Buildables/Settlements/BP_SettlementPlayer_1.uexp" 967
"C:/Users/mihai/Documents/Unreal Projects/CATAN/Content/Blueprints/Buildables/Settlements/BP_SettlementPlayer_2.uasset" 968
"C:/Users/mihai/Documents/Unreal Projects/CATAN/Content/Blueprints/Buildables/Settlements/BP_SettlementPlayer_2.uexp" 969
"C:/Users/mihai/Documents/Unreal Projects/CATAN/Content/Blueprints/Buildables/Settlements/BP_SettlementPlayer_3.uasset" 970
"C:/Users/mihai/Documents/Unreal Projects/CATAN/Content/Blueprints/Buildables/Settlements/BP_SettlementPlayer_3.uexp" 971
"C:/Users/mihai/Documents/Unreal Projects/CATAN/Content/Blueprints/Buildables/Settlements/BP_SettlementPlayer_4.uasset" 972
"C:/Users/mihai/Documents/Unreal Projects/CATAN/Content/Blueprints/Buildables/Settlements/BP_SettlementPlayer_4.uexp" 973
"C:/Users/mihai/Documents/Unreal Projects/CATAN/Content/Blueprints/Buildables/BP_Settlement_Base.uasset" 974
"C:/Users/mihai/Documents/Unreal Projects/CATAN/Content/Blueprints/Buildables/BP_Settlement_Base.uexp" 975
"C:/Users/mihai/Documents/Unreal Projects/CATAN/Content/Maps/CatanMap.uexp" 976
"C:/Users/mihai/Documents/Unreal Projects/CATAN/Content/Maps/CatanMap.umap" 977
"../../../Engine/Content/Maps/Entry_BuiltData.uasset" 978
"../../../Engine/Content/Maps/Entry_BuiltData.uexp" 979
"../../../Engine/Content/Maps/Entry.uexp" 980
"../../../Engine/Content/Maps/Entry.umap" 981
